SF:lib\Methods\api.dart
DA:106,0
DA:110,0
DA:111,0
DA:113,0
DA:121,0
DA:122,0
DA:123,0
DA:124,0
DA:125,0
DA:127,0
DA:128,0
DA:131,0
DA:135,0
DA:141,0
DA:142,0
DA:143,0
DA:144,0
DA:148,0
DA:150,0
DA:152,0
DA:153,0
DA:155,0
DA:156,0
DA:159,0
DA:163,0
DA:164,0
DA:165,0
DA:166,0
DA:167,0
DA:169,0
DA:171,0
DA:172,0
DA:174,0
DA:175,0
DA:179,0
DA:183,0
DA:188,0
DA:189,0
DA:190,0
DA:191,0
DA:194,0
DA:196,0
DA:198,0
DA:199,0
DA:201,0
DA:202,0
DA:205,0
DA:209,0
DA:213,0
DA:214,0
DA:215,0
DA:216,0
DA:220,0
DA:222,0
DA:223,0
DA:225,0
DA:226,0
DA:229,0
DA:233,0
DA:236,0
DA:237,0
DA:238,0
DA:239,0
DA:242,0
DA:244,0
DA:245,0
DA:247,0
DA:248,0
DA:251,0
DA:255,0
DA:256,0
DA:257,0
DA:258,0
DA:259,0
DA:262,0
DA:264,0
DA:265,0
DA:267,0
DA:268,0
DA:272,0
DA:276,1
DA:277,2
DA:278,1
DA:279,4
DA:280,1
DA:281,2
DA:285,2
DA:286,1
DA:288,0
DA:289,0
DA:293,2
DA:297,0
DA:298,0
DA:299,0
DA:300,0
DA:301,0
DA:302,0
DA:303,0
DA:304,0
DA:308,0
DA:309,0
DA:311,0
DA:312,0
DA:315,0
DA:319,0
DA:320,0
DA:321,0
DA:322,0
DA:323,0
DA:324,0
DA:325,0
DA:328,0
DA:329,0
DA:331,0
DA:332,0
DA:335,0
DA:340,0
DA:345,0
DA:346,0
DA:347,0
DA:349,0
DA:350,0
DA:351,0
DA:352,0
DA:353,0
DA:355,0
DA:356,0
DA:358,0
DA:359,0
DA:362,0
DA:367,0
DA:368,0
DA:369,0
DA:370,0
DA:371,0
DA:372,0
DA:373,0
DA:377,0
DA:378,0
DA:380,0
DA:381,0
DA:384,0
DA:388,1
DA:389,2
DA:390,1
DA:391,4
DA:392,1
DA:393,2
DA:397,2
DA:398,1
DA:400,0
DA:401,0
DA:405,2
DA:409,1
DA:410,2
DA:411,1
DA:412,4
DA:413,1
DA:414,2
DA:418,2
DA:419,1
DA:421,0
DA:422,0
DA:426,2
DA:430,0
DA:431,0
DA:432,0
DA:433,0
DA:434,0
DA:436,0
DA:437,0
DA:439,0
DA:440,0
DA:443,0
DA:453,1
DA:460,2
DA:461,1
DA:462,5
DA:463,1
DA:464,2
DA:471,2
DA:472,1
DA:474,0
DA:475,0
DA:478,2
DA:482,0
DA:488,0
DA:490,0
DA:491,0
DA:492,0
DA:498,0
DA:499,0
DA:501,0
DA:502,0
DA:505,0
DA:509,0
DA:512,0
DA:514,0
DA:515,0
DA:517,0
DA:518,0
DA:520,0
DA:521,0
DA:524,0
DA:528,0
DA:532,0
DA:534,0
DA:535,0
DA:536,0
DA:542,0
DA:544,0
DA:545,0
DA:547,0
DA:548,0
DA:551,0
DA:555,0
DA:558,0
DA:560,0
DA:561,0
DA:563,0
DA:564,0
DA:566,0
DA:567,0
DA:570,0
DA:574,0
DA:578,0
DA:580,0
DA:581,0
DA:582,0
DA:587,0
DA:588,0
DA:590,0
DA:591,0
DA:594,0
DA:598,0
DA:602,0
DA:604,0
DA:605,0
DA:606,0
DA:611,0
DA:612,0
DA:614,0
DA:615,0
DA:618,0
DA:622,1
DA:623,2
DA:624,1
DA:625,6
DA:626,1
DA:628,2
DA:629,1
DA:631,0
DA:632,0
DA:635,2
DA:639,1
DA:640,2
DA:641,1
DA:642,5
DA:643,1
DA:645,2
DA:646,1
DA:648,0
DA:649,0
DA:652,2
DA:656,0
DA:657,0
DA:658,0
DA:659,0
DA:660,0
DA:661,0
DA:662,0
DA:663,0
DA:664,0
DA:666,0
DA:668,0
DA:669,0
DA:671,0
DA:672,0
DA:675,0
DA:679,1
DA:680,2
DA:681,1
DA:682,1
DA:683,5
DA:685,1
DA:687,2
DA:688,1
DA:690,0
DA:691,0
DA:694,2
DA:698,1
DA:699,2
DA:700,1
DA:701,1
DA:702,5
DA:704,1
DA:706,2
DA:707,1
DA:709,0
DA:710,0
DA:713,2
DA:718,1
DA:722,2
DA:723,1
DA:724,1
DA:725,6
DA:727,2
DA:730,1
DA:732,2
DA:733,1
DA:735,0
DA:736,0
DA:739,2
DA:743,0
DA:746,0
DA:747,0
DA:748,0
DA:749,0
DA:751,0
DA:753,0
DA:754,0
DA:756,0
DA:757,0
DA:760,0
DA:764,1
DA:767,2
DA:768,1
DA:769,1
DA:770,3
DA:772,1
DA:774,2
DA:775,1
DA:777,0
DA:778,0
DA:782,2
DA:786,0
DA:793,0
DA:794,0
DA:795,0
DA:796,0
DA:797,0
DA:803,0
DA:804,0
DA:806,0
DA:807,0
DA:810,0
DA:815,0
DA:819,0
DA:820,0
DA:821,0
DA:822,0
DA:826,0
DA:828,0
DA:829,0
DA:831,0
DA:832,0
DA:836,0
DA:841,0
DA:846,0
DA:847,0
DA:848,0
DA:849,0
DA:854,0
DA:856,0
DA:857,0
DA:859,0
DA:860,0
DA:864,0
DA:868,0
DA:869,0
DA:870,0
DA:871,0
DA:872,0
DA:874,0
DA:875,0
DA:877,0
DA:878,0
DA:882,0
DA:886,0
DA:887,0
DA:889,0
DA:890,0
DA:892,0
DA:893,0
DA:895,0
DA:896,0
DA:899,0
DA:903,0
DA:906,0
DA:907,0
DA:908,0
DA:909,0
DA:910,0
DA:915,0
DA:916,0
DA:918,0
DA:919,0
DA:922,0
DA:926,0
DA:929,0
DA:930,0
DA:931,0
DA:932,0
DA:934,0
DA:936,0
DA:937,0
DA:939,0
DA:940,0
DA:944,0
DA:948,0
DA:951,0
DA:953,0
DA:954,0
DA:956,0
DA:958,0
DA:959,0
DA:961,0
DA:962,0
DA:966,0
DA:972,0
DA:976,0
DA:977,0
DA:978,0
DA:979,0
DA:980,0
DA:981,0
DA:982,0
DA:983,0
DA:984,0
DA:985,0
DA:986,0
DA:989,0
DA:990,0
DA:993,0
DA:995,0
DA:996,0
DA:998,0
DA:999,0
DA:1001,0
DA:1002,0
DA:1004,0
DA:1005,0
DA:1009,0
DA:1014,0
DA:1017,0
DA:1018,0
DA:1019,0
DA:1020,0
DA:1022,0
DA:1024,0
DA:1025,0
DA:1027,0
DA:1028,0
DA:1032,0
DA:1036,0
DA:1039,0
DA:1041,0
DA:1042,0
DA:1044,0
DA:1046,0
DA:1047,0
DA:1049,0
DA:1050,0
DA:1054,0
DA:1058,0
DA:1062,0
DA:1063,0
DA:1064,0
DA:1065,0
DA:1067,0
DA:1069,0
DA:1070,0
DA:1072,0
DA:1073,0
DA:1076,0
DA:1080,0
DA:1084,0
DA:1086,0
DA:1087,0
DA:1089,0
DA:1091,0
DA:1092,0
DA:1094,0
DA:1095,0
DA:1099,0
DA:1103,0
DA:1107,0
DA:1109,0
DA:1110,0
DA:1112,0
DA:1113,0
DA:1115,0
DA:1116,0
DA:1120,0
DA:1124,0
DA:1125,0
DA:1126,0
DA:1127,0
DA:1128,0
DA:1130,0
DA:1132,0
DA:1133,0
DA:1135,0
DA:1136,0
DA:1140,0
DA:1145,2
DA:1146,4
DA:1148,12
DA:1149,2
DA:1151,4
DA:1152,2
DA:1154,0
DA:1155,0
DA:1159,4
DA:1164,1
DA:1165,2
DA:1167,5
DA:1168,1
DA:1170,2
DA:1171,1
DA:1173,0
DA:1174,0
DA:1178,2
DA:1182,1
DA:1185,1
DA:1186,2
DA:1188,1
DA:1189,3
DA:1191,1
DA:1193,2
DA:1194,1
DA:1196,0
DA:1197,0
DA:1201,2
DA:1205,2
DA:1206,4
DA:1208,12
DA:1209,2
DA:1211,4
DA:1212,2
DA:1214,0
DA:1215,0
DA:1218,4
DA:1222,0
DA:1223,0
DA:1224,0
DA:1225,0
DA:1226,0
DA:1228,0
DA:1230,0
DA:1231,0
DA:1233,0
DA:1234,0
DA:1237,0
DA:1242,1
DA:1247,1
DA:1248,2
DA:1250,1
DA:1251,1
DA:1252,2
DA:1253,1
DA:1254,2
DA:1255,1
DA:1257,1
DA:1259,2
DA:1260,1
DA:1262,0
DA:1263,0
DA:1266,2
DA:1274,1
DA:1277,1
DA:1278,2
DA:1280,4
DA:1281,1
DA:1283,2
DA:1284,1
DA:1286,0
DA:1287,0
DA:1291,2
DA:1296,1
DA:1297,1
DA:1298,2
DA:1300,5
DA:1301,1
DA:1303,2
DA:1304,1
DA:1306,0
DA:1307,0
DA:1310,2
DA:1316,0
DA:1319,0
DA:1320,0
DA:1322,0
DA:1323,0
DA:1325,0
DA:1326,0
DA:1328,0
DA:1329,0
DA:1332,0
DA:1336,1
DA:1337,1
DA:1338,2
DA:1340,3
DA:1341,1
DA:1343,2
DA:1344,1
DA:1346,0
DA:1347,0
DA:1350,2
DA:1354,1
DA:1357,1
DA:1358,2
DA:1360,5
DA:1361,1
DA:1363,2
DA:1364,1
DA:1366,0
DA:1367,0
DA:1371,2
DA:1376,1
DA:1379,1
DA:1380,2
DA:1382,5
DA:1383,1
DA:1385,2
DA:1386,1
DA:1388,0
DA:1389,0
DA:1393,2
DA:1399,1
DA:1400,1
DA:1401,2
DA:1403,3
DA:1404,1
DA:1406,2
DA:1407,1
DA:1409,0
DA:1410,0
DA:1413,2
DA:1418,1
DA:1422,1
DA:1423,2
DA:1425,1
DA:1426,5
DA:1428,1
DA:1430,2
DA:1431,1
DA:1433,0
DA:1434,0
DA:1437,2
DA:1441,0
DA:1446,0
DA:1448,0
DA:1449,0
DA:1451,0
DA:1453,0
DA:1454,0
DA:1456,0
DA:1457,0
DA:1460,0
LF:660
LH:189
end_of_record
SF:lib\Methods\follow_blog.dart
DA:9,1
DA:13,3
DA:14,3
DA:27,1
DA:31,3
DA:33,3
LF:6
LH:6
end_of_record
SF:lib\Methods\follow_tags.dart
DA:9,1
DA:13,3
DA:14,3
DA:27,1
DA:31,3
DA:33,3
LF:6
LH:6
end_of_record
SF:lib\Methods\get_all_blogs.dart
DA:11,0
DA:12,0
DA:14,0
DA:15,0
DA:16,0
DA:17,0
DA:18,0
DA:19,0
DA:20,0
DA:21,0
DA:22,0
DA:23,0
DA:24,0
DA:25,0
DA:26,0
DA:27,0
DA:28,0
DA:29,0
DA:30,0
DA:31,0
DA:32,0
DA:33,0
DA:34,0
DA:35,0
DA:36,0
DA:37,0
DA:38,0
DA:41,0
DA:42,0
DA:43,0
DA:44,0
DA:45,0
DA:46,0
DA:47,0
DA:48,0
DA:49,0
DA:50,0
DA:65,1
DA:66,1
DA:68,3
DA:69,2
DA:70,3
DA:71,2
DA:73,1
DA:80,3
DA:81,0
DA:83,1
DA:84,3
DA:85,0
DA:87,1
DA:88,1
DA:89,2
DA:90,1
DA:91,1
DA:93,1
LF:55
LH:16
end_of_record
SF:lib\Methods\get_tags.dart
DA:19,1
DA:20,1
DA:21,3
DA:22,2
DA:23,3
DA:24,2
DA:25,1
DA:26,1
DA:27,1
DA:28,1
DA:29,1
DA:30,1
DA:32,1
DA:45,1
DA:46,1
DA:47,3
DA:48,2
DA:50,3
DA:51,2
DA:52,1
DA:53,1
DA:54,1
DA:55,1
DA:56,1
DA:57,1
DA:60,1
DA:73,1
DA:78,1
DA:79,3
DA:85,2
DA:86,3
DA:87,2
DA:97,0
DA:101,0
DA:111,1
DA:113,3
DA:118,3
DA:119,4
DA:120,0
DA:121,1
DA:124,2
DA:126,3
DA:127,1
DA:128,2
DA:129,2
DA:130,2
DA:131,2
DA:132,2
DA:135,1
LF:49
LH:46
end_of_record
SF:lib\Methods\random_posts.dart
DA:8,1
DA:11,1
DA:13,3
DA:15,3
DA:16,2
DA:17,2
DA:19,0
LF:7
LH:6
end_of_record
SF:lib\Methods\search_utils.dart
DA:10,1
DA:13,1
DA:14,2
DA:15,3
DA:16,3
DA:17,2
DA:18,2
DA:19,1
DA:20,1
DA:34,1
DA:38,1
DA:39,1
DA:40,1
DA:42,3
DA:46,3
DA:47,3
DA:48,3
DA:49,3
DA:50,2
DA:52,2
DA:53,1
DA:54,1
DA:55,1
DA:56,1
DA:57,1
DA:58,1
DA:60,1
DA:63,2
DA:64,1
DA:71,3
DA:72,0
DA:74,1
DA:75,3
DA:76,0
DA:78,1
DA:79,1
DA:80,2
DA:81,1
DA:82,1
DA:84,1
DA:87,0
DA:88,1
LF:42
LH:39
end_of_record
SF:lib\Models\blog.dart
DA:5,1
LF:1
LH:1
end_of_record
SF:lib\Models\post_model.dart
DA:4,1
DA:68,1
DA:71,1
DA:72,3
DA:73,2
DA:74,1
DA:75,1
DA:76,2
DA:77,2
DA:78,2
DA:79,2
DA:80,2
DA:81,2
DA:82,2
DA:83,2
DA:84,2
DA:85,2
DA:86,2
DA:87,2
DA:88,2
DA:89,2
DA:90,2
DA:94,0
DA:96,0
DA:97,0
DA:98,0
DA:100,0
DA:101,0
DA:102,0
DA:103,0
DA:104,0
DA:105,0
DA:106,0
DA:107,0
DA:108,0
DA:109,0
DA:110,0
DA:111,0
DA:112,0
LF:39
LH:22
end_of_record
SF:lib\Models\tag.dart
DA:6,1
LF:1
LH:1
end_of_record
SF:lib\Constants\colors.dart
DA:4,0
DA:7,0
DA:10,0
DA:13,0
LF:4
LH:0
end_of_record
SF:lib\Constants\random_bg.dart
DA:2,0
LF:1
LH:0
end_of_record
SF:lib\Constants\tags_list_and_colors.dart
DA:4,0
DA:15,0
LF:2
LH:0
end_of_record
SF:lib\Constants\ui_styles.dart
DA:4,0
DA:17,0
DA:22,0
DA:29,0
DA:35,0
LF:5
LH:0
end_of_record
SF:lib\Methods\age_validation.dart
DA:2,0
DA:3,0
DA:4,0
DA:5,0
LF:4
LH:0
end_of_record
SF:lib\Models\blog_theme.dart
DA:4,0
DA:56,0
DA:57,0
DA:58,0
DA:59,0
DA:60,0
DA:61,0
DA:62,0
DA:63,0
DA:65,0
DA:66,0
DA:67,0
DA:68,0
DA:69,0
DA:70,0
LF:15
LH:0
end_of_record
SF:lib\Models\chat.dart
DA:4,0
LF:1
LH:0
end_of_record
SF:lib\Models\message.dart
DA:4,0
LF:1
LH:0
end_of_record
SF:lib\Models\notes.dart
DA:4,0
LF:1
LH:0
end_of_record
SF:lib\Models\user.dart
DA:22,0
DA:25,0
DA:28,0
DA:31,0
DA:34,0
DA:37,0
DA:40,0
DA:43,0
DA:46,0
DA:49,0
LF:10
LH:0
end_of_record
SF:lib\Screens\ActivityAndChat\acitivity_chat_screen.dart
DA:20,4
DA:31,4
DA:33,0
DA:34,0
DA:53,0
DA:54,0
DA:55,0
DA:57,0
DA:58,0
DA:59,0
DA:60,0
DA:62,0
DA:63,0
DA:66,0
DA:67,0
DA:68,0
DA:70,0
DA:71,0
DA:72,0
DA:73,0
DA:74,0
DA:75,0
DA:76,0
DA:77,0
DA:78,0
DA:80,0
DA:81,0
DA:82,0
DA:83,0
DA:84,0
DA:85,0
DA:87,0
DA:88,0
DA:89,0
DA:90,0
DA:91,0
DA:93,0
DA:94,0
DA:95,0
DA:96,0
DA:97,0
DA:99,0
DA:100,0
DA:102,0
DA:103,0
DA:104,0
DA:106,0
DA:107,0
DA:108,0
DA:109,0
DA:111,0
DA:113,0
DA:114,0
DA:115,0
DA:120,0
DA:121,0
DA:122,0
DA:125,0
DA:126,0
DA:130,0
DA:132,0
DA:133,0
DA:134,0
DA:136,0
DA:140,0
DA:141,0
DA:142,0
DA:145,0
DA:147,0
DA:148,0
DA:149,0
DA:150,0
DA:151,0
DA:153,0
DA:154,0
DA:155,0
DA:161,0
DA:162,0
DA:163,0
DA:164,0
DA:165,0
DA:171,0
DA:173,0
DA:174,0
DA:177,0
DA:178,0
DA:179,0
DA:180,0
DA:181,0
DA:185,0
DA:187,0
DA:188,0
DA:189,0
DA:192,0
DA:193,0
DA:194,0
DA:195,0
DA:196,0
DA:199,0
DA:200,0
DA:202,0
DA:203,0
DA:205,0
DA:206,0
DA:213,0
DA:215,0
DA:216,0
DA:218,0
DA:219,0
DA:229,0
DA:231,0
DA:233,0
DA:234,0
DA:238,0
DA:239,0
DA:241,0
DA:242,0
DA:250,0
DA:251,0
DA:252,0
DA:255,0
DA:256,0
DA:257,0
DA:258,0
DA:259,0
DA:260,0
DA:261,0
DA:262,0
DA:263,0
DA:264,0
DA:271,0
DA:273,0
DA:275,0
DA:277,0
DA:278,0
DA:279,0
DA:280,0
DA:281,0
DA:285,0
DA:286,0
DA:287,0
DA:290,0
LF:142
LH:2
end_of_record
SF:lib\Screens\Home_Page\home_page.dart
DA:14,4
DA:23,0
DA:28,4
DA:30,0
DA:31,0
DA:54,0
DA:55,0
DA:56,0
DA:57,0
DA:58,0
DA:60,0
DA:62,0
DA:63,0
DA:64,0
DA:65,0
DA:66,0
DA:70,0
DA:71,0
DA:73,0
DA:76,0
DA:77,0
DA:80,0
DA:82,0
DA:84,0
DA:85,0
DA:86,0
DA:87,0
DA:88,0
DA:90,0
DA:93,0
DA:94,0
DA:97,0
DA:99,0
DA:100,0
DA:105,0
DA:106,0
DA:107,0
DA:108,0
DA:110,0
DA:115,0
DA:117,0
DA:119,0
DA:120,0
DA:121,0
DA:122,0
DA:127,0
DA:128,0
DA:129,0
DA:130,0
DA:131,0
DA:135,0
DA:137,0
DA:138,0
DA:139,0
DA:140,0
DA:142,0
DA:143,0
DA:145,0
DA:146,0
DA:147,0
DA:148,0
DA:150,0
DA:152,0
DA:153,0
DA:157,0
DA:158,0
DA:159,0
DA:160,0
DA:163,0
DA:164,0
DA:165,0
DA:166,0
DA:167,0
DA:168,0
DA:169,0
DA:176,0
DA:177,0
DA:188,0
DA:190,0
DA:191,0
DA:192,0
DA:193,0
DA:197,0
DA:198,0
LF:84
LH:2
end_of_record
SF:lib\Screens\Profile\profile_page.dart
DA:25,0
DA:28,0
DA:33,0
DA:36,0
DA:41,0
DA:42,0
DA:129,0
DA:130,0
DA:131,0
DA:132,0
DA:134,0
DA:136,0
DA:137,0
DA:138,0
DA:139,0
DA:140,0
DA:144,0
DA:146,0
DA:149,0
DA:150,0
DA:153,0
DA:155,0
DA:157,0
DA:158,0
DA:159,0
DA:160,0
DA:161,0
DA:162,0
DA:167,0
DA:168,0
DA:171,0
DA:172,0
DA:173,0
DA:174,0
DA:176,0
DA:178,0
DA:179,0
DA:180,0
DA:181,0
DA:182,0
DA:186,0
DA:188,0
DA:191,0
DA:192,0
DA:195,0
DA:197,0
DA:199,0
DA:200,0
DA:201,0
DA:202,0
DA:203,0
DA:204,0
DA:209,0
DA:210,0
DA:213,0
DA:214,0
DA:215,0
DA:216,0
DA:217,0
DA:218,0
DA:220,0
DA:222,0
DA:223,0
DA:224,0
DA:226,0
DA:227,0
DA:230,0
DA:233,0
DA:235,0
DA:238,0
DA:239,0
DA:242,0
DA:243,0
DA:244,0
DA:246,0
DA:248,0
DA:249,0
DA:250,0
DA:251,0
DA:252,0
DA:255,0
DA:258,0
DA:259,0
DA:262,0
DA:273,0
DA:275,0
DA:276,0
DA:277,0
DA:278,0
DA:279,0
DA:280,0
DA:281,0
DA:287,0
DA:288,0
DA:289,0
DA:290,0
DA:292,0
DA:293,0
DA:294,0
DA:295,0
DA:296,0
DA:297,0
DA:298,0
DA:299,0
DA:302,0
DA:304,0
DA:305,0
DA:306,0
DA:307,0
DA:310,0
DA:312,0
DA:328,0
DA:329,0
DA:330,0
DA:331,0
DA:332,0
DA:333,0
DA:334,0
DA:335,0
DA:342,0
DA:343,0
DA:344,0
DA:345,0
DA:347,0
DA:357,0
DA:358,0
DA:359,0
DA:360,0
DA:361,0
DA:362,0
DA:380,0
DA:389,0
DA:390,0
DA:391,0
DA:394,0
DA:398,0
DA:400,0
DA:401,0
DA:402,0
DA:407,0
DA:411,0
DA:412,0
DA:421,0
DA:430,0
DA:431,0
DA:432,0
DA:433,0
DA:434,0
DA:435,0
DA:436,0
DA:437,0
DA:444,0
DA:445,0
DA:446,0
DA:447,0
DA:449,0
DA:454,0
DA:455,0
DA:456,0
DA:457,0
DA:458,0
DA:471,0
DA:472,0
DA:474,0
DA:479,0
DA:480,0
DA:481,0
DA:482,0
DA:483,0
DA:496,0
DA:505,0
DA:506,0
DA:507,0
DA:510,0
DA:514,0
DA:516,0
DA:517,0
DA:518,0
DA:523,0
DA:527,0
DA:528,0
DA:537,0
DA:546,0
DA:547,0
DA:548,0
DA:549,0
DA:550,0
DA:551,0
DA:552,0
DA:553,0
DA:560,0
DA:561,0
DA:562,0
DA:563,0
DA:565,0
DA:570,0
DA:571,0
DA:572,0
DA:573,0
DA:574,0
DA:587,0
DA:588,0
DA:590,0
DA:595,0
DA:596,0
DA:597,0
DA:598,0
DA:599,0
DA:612,0
DA:621,0
DA:622,0
DA:623,0
DA:626,0
DA:630,0
DA:632,0
DA:633,0
DA:634,0
DA:639,0
DA:643,0
DA:649,0
DA:658,0
DA:659,0
DA:660,0
DA:668,0
DA:669,0
DA:670,0
DA:672,0
DA:675,0
DA:677,0
DA:678,0
DA:679,0
DA:680,0
DA:681,0
DA:682,0
DA:686,0
DA:688,0
DA:694,0
DA:695,0
DA:696,0
DA:704,0
DA:705,0
DA:706,0
DA:708,0
DA:711,0
DA:713,0
DA:714,0
DA:715,0
DA:716,0
DA:717,0
DA:718,0
DA:719,0
DA:721,0
DA:722,0
DA:723,0
DA:724,0
DA:726,0
DA:727,0
DA:729,0
DA:730,0
DA:731,0
DA:732,0
DA:734,0
DA:739,0
DA:748,0
DA:750,0
DA:752,0
DA:756,0
DA:757,0
DA:758,0
DA:759,0
DA:760,0
DA:761,0
DA:762,0
DA:765,0
DA:766,0
DA:767,0
DA:768,0
DA:770,0
DA:771,0
DA:772,0
DA:773,0
DA:777,0
DA:780,0
DA:781,0
DA:782,0
DA:786,0
DA:791,0
DA:796,0
DA:797,0
DA:798,0
DA:800,0
DA:801,0
DA:802,0
DA:804,0
DA:805,0
DA:808,0
DA:811,0
DA:812,0
DA:814,0
DA:815,0
DA:818,0
DA:821,0
DA:822,0
DA:824,0
DA:825,0
DA:828,0
DA:833,0
DA:836,0
DA:837,0
DA:838,0
DA:839,0
DA:840,0
DA:841,0
DA:843,0
DA:845,0
DA:847,0
DA:848,0
DA:849,0
DA:850,0
DA:852,0
DA:854,0
DA:856,0
DA:858,0
DA:859,0
DA:861,0
DA:863,0
DA:865,0
DA:872,0
DA:873,0
DA:875,0
DA:877,0
DA:880,0
DA:881,0
DA:901,0
DA:903,0
DA:906,0
DA:907,0
DA:940,0
DA:941,0
DA:942,0
DA:943,0
DA:944,0
DA:945,0
DA:946,0
DA:947,0
DA:952,0
DA:954,0
DA:955,0
DA:960,0
DA:961,0
DA:962,0
DA:963,0
DA:965,0
DA:966,0
DA:967,0
DA:971,0
DA:979,0
DA:981,0
DA:982,0
DA:987,0
DA:988,0
DA:989,0
DA:990,0
DA:992,0
DA:993,0
DA:994,0
DA:998,0
DA:1009,0
DA:1010,0
DA:1011,0
DA:1012,0
DA:1013,0
DA:1014,0
DA:1015,0
DA:1016,0
DA:1021,0
DA:1023,0
DA:1024,0
DA:1029,0
DA:1030,0
DA:1031,0
DA:1032,0
DA:1033,0
DA:1035,0
DA:1036,0
DA:1037,0
DA:1041,0
DA:1049,0
DA:1051,0
DA:1052,0
DA:1057,0
DA:1058,0
DA:1059,0
DA:1060,0
DA:1061,0
DA:1063,0
DA:1064,0
DA:1065,0
DA:1069,0
DA:1080,0
DA:1081,0
DA:1082,0
DA:1083,0
DA:1084,0
DA:1085,0
DA:1090,0
DA:1092,0
DA:1093,0
DA:1095,0
DA:1096,0
DA:1097,0
DA:1098,0
DA:1099,0
DA:1100,0
DA:1101,0
DA:1102,0
DA:1103,0
DA:1107,0
DA:1110,0
DA:1112,0
DA:1114,0
DA:1116,0
DA:1117,0
DA:1118,0
DA:1119,0
DA:1121,0
DA:1122,0
DA:1123,0
DA:1124,0
DA:1125,0
DA:1126,0
DA:1127,0
DA:1128,0
DA:1132,0
DA:1133,0
DA:1136,0
DA:1137,0
DA:1140,0
DA:1141,0
DA:1143,0
DA:1146,0
DA:1147,0
DA:1150,0
DA:1151,0
DA:1155,0
DA:1158,0
DA:1160,0
DA:1162,0
DA:1163,0
DA:1164,0
DA:1169,0
DA:1170,0
DA:1171,0
DA:1175,0
DA:1176,0
DA:1177,0
DA:1178,0
DA:1179,0
DA:1180,0
DA:1181,0
DA:1182,0
DA:1189,0
DA:1190,0
DA:1191,0
DA:1194,0
DA:1195,0
DA:1196,0
DA:1197,0
DA:1204,0
DA:1206,0
DA:1215,0
DA:1216,0
DA:1217,0
DA:1219,0
DA:1221,0
DA:1222,0
DA:1223,0
DA:1224,0
DA:1228,0
DA:1229,0
DA:1230,0
DA:1233,0
DA:1234,0
DA:1237,0
DA:1241,0
DA:1244,0
DA:1245,0
DA:1255,0
DA:1258,0
DA:1261,0
DA:1262,0
DA:1263,0
DA:1266,0
DA:1268,0
DA:1272,0
DA:1284,0
DA:1288,0
DA:1290,0
DA:1291,0
DA:1292,0
DA:1293,0
DA:1294,0
DA:1300,0
DA:1301,0
DA:1302,0
DA:1303,0
DA:1304,0
DA:1305,0
DA:1306,0
DA:1307,0
DA:1308,0
DA:1314,0
DA:1315,0
DA:1316,0
DA:1318,0
DA:1319,0
DA:1320,0
DA:1323,0
DA:1325,0
DA:1326,0
DA:1327,0
DA:1328,0
DA:1331,0
DA:1333,0
DA:1334,0
DA:1335,0
DA:1336,0
DA:1337,0
DA:1338,0
DA:1339,0
DA:1340,0
DA:1341,0
DA:1342,0
DA:1345,0
DA:1346,0
DA:1347,0
DA:1348,0
DA:1349,0
DA:1350,0
DA:1353,0
DA:1354,0
DA:1357,0
DA:1359,0
DA:1360,0
DA:1369,0
DA:1370,0
DA:1371,0
DA:1373,0
DA:1374,0
DA:1375,0
DA:1376,0
DA:1377,0
DA:1380,0
DA:1381,0
DA:1382,0
DA:1385,0
DA:1386,0
DA:1393,0
DA:1394,0
DA:1395,0
DA:1396,0
DA:1399,0
DA:1401,0
DA:1402,0
DA:1403,0
DA:1406,0
DA:1407,0
DA:1408,0
DA:1409,0
DA:1412,0
DA:1416,0
DA:1417,0
DA:1418,0
DA:1419,0
DA:1420,0
DA:1423,0
DA:1424,0
DA:1425,0
DA:1426,0
DA:1429,0
DA:1432,0
DA:1434,0
DA:1435,0
DA:1436,0
DA:1441,0
DA:1442,0
DA:1443,0
DA:1444,0
DA:1449,0
DA:1452,0
DA:1453,0
DA:1460,0
DA:1461,0
DA:1462,0
DA:1469,0
DA:1470,0
DA:1474,0
DA:1476,0
DA:1477,0
DA:1478,0
DA:1483,0
DA:1487,0
DA:1488,0
DA:1489,0
DA:1490,0
DA:1492,0
DA:1494,0
DA:1495,0
DA:1496,0
DA:1501,0
DA:1506,0
DA:1507,0
DA:1512,0
DA:1517,0
DA:1523,0
DA:1524,0
DA:1529,0
DA:1535,0
DA:1541,0
DA:1542,0
DA:1547,0
DA:1552,0
DA:1558,0
DA:1559,0
DA:1564,0
DA:1570,0
DA:1571,0
DA:1572,0
DA:1573,0
DA:1575,0
DA:1589,0
DA:1591,0
DA:1593,0
DA:1594,0
DA:1599,0
DA:1604,0
DA:1605,0
DA:1606,0
DA:1613,0
DA:1615,0
DA:1616,0
DA:1617,0
DA:1622,0
DA:1623,0
DA:1633,0
DA:1634,0
DA:1639,0
DA:1644,0
DA:1650,0
DA:1651,0
DA:1656,0
DA:1662,0
DA:1668,0
DA:1669,0
DA:1674,0
DA:1680,0
DA:1694,0
DA:1695,0
DA:1696,0
DA:1700,0
DA:1702,0
DA:1703,0
DA:1704,0
DA:1713,0
DA:1716,0
DA:1719,0
DA:1720,0
DA:1721,0
DA:1722,0
DA:1725,0
DA:1727,0
DA:1728,0
DA:1729,0
DA:1732,0
DA:1733,0
DA:1734,0
DA:1737,0
DA:1738,0
DA:1739,0
DA:1742,0
DA:1743,0
DA:1744,0
DA:1745,0
DA:1746,0
DA:1747,0
DA:1748,0
DA:1751,0
DA:1752,0
DA:1753,0
DA:1755,0
DA:1762,0
DA:1764,0
DA:1766,0
DA:1767,0
DA:1768,0
DA:1773,0
DA:1774,0
DA:1775,0
DA:1776,0
DA:1777,0
DA:1778,0
DA:1779,0
DA:1780,0
DA:1781,0
DA:1782,0
DA:1784,0
DA:1788,0
DA:1799,0
DA:1809,0
DA:1810,0
DA:1812,0
DA:1813,0
DA:1815,0
DA:1821,0
DA:1824,0
DA:1826,0
DA:1827,0
DA:1828,0
DA:1835,0
DA:1843,0
DA:1845,0
DA:1846,0
DA:1847,0
DA:1848,0
DA:1849,0
DA:1850,0
DA:1851,0
DA:1852,0
DA:1861,0
DA:1863,0
DA:1864,0
DA:1865,0
DA:1871,0
DA:1873,0
DA:1876,0
DA:1878,0
LF:736
LH:0
end_of_record
SF:lib\Screens\Search\manage_tags.dart
DA:19,4
DA:21,0
DA:22,0
DA:48,0
DA:49,0
DA:50,0
DA:51,0
DA:52,0
DA:53,0
DA:56,0
DA:57,0
DA:59,0
DA:61,0
DA:62,0
DA:63,0
DA:66,0
DA:67,0
DA:70,0
DA:71,0
DA:76,0
DA:77,0
DA:81,0
DA:82,0
DA:83,0
DA:84,0
DA:86,0
DA:87,0
DA:88,0
DA:90,0
DA:92,0
DA:93,0
DA:94,0
DA:97,0
DA:98,0
DA:99,0
DA:100,0
DA:102,0
DA:105,0
DA:106,0
DA:110,0
DA:111,0
DA:121,0
DA:123,0
DA:124,0
DA:128,0
DA:129,0
DA:130,0
DA:132,0
DA:135,0
DA:136,0
DA:137,0
DA:138,0
DA:139,0
DA:140,0
DA:141,0
DA:142,0
DA:146,0
DA:149,0
DA:151,0
DA:152,0
DA:153,0
DA:156,0
DA:158,0
DA:159,0
DA:160,0
DA:161,0
DA:162,0
DA:163,0
DA:164,0
DA:173,0
DA:181,0
DA:182,0
DA:183,0
DA:184,0
DA:186,0
DA:187,0
DA:189,0
DA:203,0
DA:205,0
DA:206,0
DA:207,0
DA:208,0
DA:209,0
DA:210,0
DA:223,0
DA:224,0
DA:226,0
DA:227,0
DA:228,0
DA:229,0
DA:231,0
DA:232,0
DA:233,0
DA:234,0
DA:238,0
DA:239,0
DA:242,0
DA:244,0
DA:246,0
DA:251,0
DA:254,0
DA:255,0
DA:256,0
DA:257,0
DA:258,0
DA:278,0
DA:281,0
DA:286,0
DA:287,0
DA:301,0
DA:303,0
DA:304,0
DA:305,0
DA:309,0
DA:312,0
DA:314,0
DA:315,0
DA:318,0
DA:320,0
DA:321,0
DA:323,0
DA:326,0
DA:327,0
DA:334,0
DA:336,0
DA:337,0
DA:338,0
DA:345,0
DA:346,0
DA:355,0
DA:356,0
DA:357,0
DA:358,0
DA:359,0
DA:361,0
DA:362,0
DA:364,0
DA:366,0
DA:367,0
DA:371,0
DA:373,0
DA:374,0
DA:375,0
DA:378,0
DA:385,0
DA:387,0
DA:389,0
DA:394,0
DA:395,0
DA:396,0
DA:399,0
DA:406,0
DA:407,0
DA:408,0
DA:411,0
DA:412,0
DA:413,0
DA:414,0
DA:419,0
DA:420,0
DA:423,0
DA:424,0
DA:426,0
DA:429,0
DA:430,0
LF:165
LH:1
end_of_record
SF:lib\Screens\Search\recommended_posts.dart
DA:11,0
DA:16,4
DA:18,0
DA:19,0
DA:52,0
DA:57,0
DA:58,0
DA:59,0
DA:60,0
DA:61,0
DA:64,0
DA:67,0
DA:70,0
DA:71,0
DA:73,0
DA:75,0
DA:76,0
DA:80,0
DA:81,0
DA:84,0
DA:85,0
DA:89,0
DA:90,0
DA:91,0
DA:92,0
DA:95,0
DA:97,0
DA:99,0
DA:101,0
DA:102,0
DA:103,0
DA:104,0
DA:106,0
DA:110,0
DA:112,0
DA:115,0
DA:119,0
DA:120,0
DA:122,0
DA:125,0
DA:126,0
DA:127,0
DA:128,0
DA:129,0
DA:130,0
DA:131,0
DA:132,0
DA:136,0
DA:139,0
DA:141,0
DA:142,0
DA:143,0
DA:146,0
DA:148,0
DA:150,0
DA:151,0
DA:152,0
DA:153,0
DA:154,0
DA:155,0
DA:164,0
DA:174,0
DA:176,0
DA:177,0
DA:178,0
DA:179,0
DA:180,0
DA:181,0
DA:194,0
DA:196,0
DA:197,0
DA:198,0
DA:199,0
DA:201,0
DA:202,0
DA:203,0
DA:204,0
DA:205,0
DA:206,0
DA:207,0
DA:209,0
DA:210,0
DA:212,0
DA:217,0
DA:219,0
DA:220,0
DA:221,0
DA:222,0
DA:223,0
DA:238,0
DA:239,0
DA:242,0
DA:244,0
DA:246,0
DA:251,0
LF:95
LH:1
end_of_record
SF:lib\Screens\Search\search_page.dart
DA:21,8
DA:23,0
DA:24,0
DA:51,0
DA:53,0
DA:56,0
DA:57,0
DA:58,0
DA:59,0
DA:60,0
DA:63,0
DA:67,0
DA:68,0
DA:69,0
DA:71,0
DA:72,0
DA:73,0
DA:74,0
DA:76,0
DA:77,0
DA:78,0
DA:83,0
DA:85,0
DA:86,0
DA:89,0
DA:92,0
DA:93,0
DA:94,0
DA:95,0
DA:96,0
DA:97,0
DA:98,0
DA:99,0
DA:100,0
DA:101,0
DA:103,0
DA:104,0
DA:105,0
DA:106,0
DA:107,0
DA:108,0
DA:109,0
DA:114,0
DA:115,0
DA:116,0
DA:117,0
DA:118,0
DA:119,0
DA:123,0
DA:124,0
DA:125,0
DA:126,0
DA:127,0
DA:128,0
DA:131,0
DA:132,0
DA:133,0
DA:134,0
DA:137,0
DA:138,0
DA:139,0
DA:141,0
DA:142,0
DA:143,0
DA:144,0
DA:146,0
DA:147,0
DA:148,0
DA:156,0
DA:157,0
DA:159,0
DA:162,0
DA:164,0
DA:166,0
DA:167,0
DA:170,0
DA:171,0
DA:172,0
DA:176,0
DA:177,0
DA:181,0
DA:182,0
DA:183,0
LF:83
LH:1
end_of_record
SF:lib\Screens\Search\search_query.dart
DA:15,0
DA:18,0
DA:23,0
DA:24,0
DA:30,0
DA:32,0
DA:33,0
DA:46,0
DA:48,0
DA:49,0
DA:50,0
DA:52,0
DA:53,0
DA:56,0
DA:57,0
DA:58,0
DA:60,0
DA:64,0
DA:66,0
DA:67,0
DA:68,0
DA:69,0
DA:73,0
DA:79,0
DA:80,0
DA:81,0
DA:82,0
DA:83,0
DA:86,0
DA:87,0
DA:88,0
DA:89,0
DA:92,0
DA:93,0
DA:94,0
DA:95,0
DA:97,0
DA:98,0
DA:99,0
DA:100,0
DA:101,0
DA:102,0
DA:103,0
DA:106,0
DA:107,0
DA:108,0
DA:112,0
DA:113,0
DA:114,0
DA:116,0
DA:118,0
DA:119,0
DA:120,0
DA:121,0
DA:127,0
DA:130,0
DA:152,0
DA:153,0
DA:154,0
DA:155,0
DA:156,0
DA:157,0
DA:158,0
DA:172,0
DA:180,0
DA:181,0
DA:182,0
DA:184,0
DA:186,0
DA:192,0
DA:193,0
DA:194,0
DA:195,0
DA:196,0
DA:202,0
DA:204,0
DA:206,0
DA:210,0
DA:211,0
DA:212,0
DA:213,0
DA:215,0
DA:216,0
DA:217,0
DA:219,0
DA:220,0
DA:223,0
DA:224,0
DA:229,0
DA:230,0
DA:233,0
DA:235,0
DA:240,0
DA:243,0
DA:244,0
DA:245,0
DA:248,0
DA:250,0
DA:252,0
DA:253,0
DA:254,0
DA:255,0
DA:262,0
DA:263,0
DA:264,0
DA:265,0
DA:278,0
DA:279,0
DA:280,0
DA:281,0
DA:283,0
DA:284,0
DA:285,0
DA:287,0
DA:289,0
DA:293,0
DA:299,0
DA:300,0
DA:303,0
DA:305,0
DA:310,0
DA:318,0
DA:324,0
DA:327,0
DA:328,0
DA:335,0
DA:337,0
DA:339,0
DA:348,0
DA:350,0
DA:351,0
DA:352,0
DA:353,0
DA:354,0
DA:361,0
DA:362,0
DA:363,0
DA:364,0
DA:366,0
DA:377,0
DA:378,0
DA:379,0
DA:380,0
DA:381,0
DA:382,0
DA:383,0
DA:385,0
DA:392,0
DA:405,0
DA:406,0
DA:409,0
DA:410,0
DA:412,0
DA:419,0
DA:423,0
LF:155
LH:0
end_of_record
SF:lib\Screens\Search\search_result.dart
DA:18,0
DA:23,0
DA:26,0
DA:31,0
DA:32,0
DA:80,0
DA:82,0
DA:83,0
DA:87,0
DA:88,0
DA:89,0
DA:91,0
DA:96,0
DA:97,0
DA:98,0
DA:99,0
DA:100,0
DA:101,0
DA:102,0
DA:103,0
DA:106,0
DA:107,0
DA:108,0
DA:109,0
DA:110,0
DA:111,0
DA:112,0
DA:115,0
DA:116,0
DA:117,0
DA:118,0
DA:119,0
DA:120,0
DA:121,0
DA:124,0
DA:125,0
DA:126,0
DA:128,0
DA:131,0
DA:132,0
DA:135,0
DA:136,0
DA:137,0
DA:138,0
DA:141,0
DA:144,0
DA:147,0
DA:149,0
DA:150,0
DA:151,0
DA:152,0
DA:153,0
DA:154,0
DA:156,0
DA:157,0
DA:158,0
DA:160,0
DA:162,0
DA:163,0
DA:164,0
DA:167,0
DA:168,0
DA:169,0
DA:170,0
DA:171,0
DA:172,0
DA:174,0
DA:175,0
DA:176,0
DA:177,0
DA:178,0
DA:180,0
DA:181,0
DA:183,0
DA:184,0
DA:188,0
DA:189,0
DA:190,0
DA:194,0
DA:195,0
DA:196,0
DA:200,0
DA:201,0
DA:204,0
DA:205,0
DA:207,0
DA:208,0
DA:209,0
DA:211,0
DA:213,0
DA:214,0
DA:215,0
DA:218,0
DA:219,0
DA:220,0
DA:221,0
DA:223,0
DA:226,0
DA:227,0
DA:230,0
DA:231,0
DA:235,0
DA:236,0
DA:239,0
DA:240,0
DA:242,0
DA:243,0
DA:244,0
DA:246,0
DA:248,0
DA:249,0
DA:250,0
DA:253,0
DA:254,0
DA:255,0
DA:256,0
DA:257,0
DA:259,0
DA:262,0
DA:263,0
DA:264,0
DA:268,0
DA:269,0
DA:272,0
DA:273,0
DA:277,0
DA:278,0
DA:281,0
DA:282,0
DA:284,0
DA:285,0
DA:286,0
DA:288,0
DA:290,0
DA:291,0
DA:292,0
DA:295,0
DA:296,0
DA:297,0
DA:298,0
DA:299,0
DA:301,0
DA:304,0
DA:305,0
DA:306,0
DA:307,0
DA:308,0
DA:310,0
DA:311,0
DA:313,0
DA:314,0
DA:319,0
DA:320,0
DA:323,0
DA:324,0
DA:328,0
DA:330,0
DA:331,0
DA:332,0
DA:333,0
DA:334,0
DA:335,0
DA:336,0
DA:339,0
DA:341,0
DA:342,0
DA:343,0
DA:344,0
DA:345,0
DA:346,0
DA:347,0
DA:348,0
DA:349,0
DA:350,0
DA:352,0
DA:354,0
DA:355,0
DA:356,0
DA:357,0
DA:361,0
DA:363,0
DA:364,0
DA:365,0
DA:366,0
DA:367,0
DA:368,0
DA:370,0
DA:372,0
DA:376,0
DA:378,0
DA:380,0
DA:382,0
DA:383,0
DA:395,0
DA:396,0
DA:397,0
DA:398,0
DA:401,0
DA:402,0
DA:404,0
DA:407,0
DA:408,0
DA:409,0
DA:410,0
DA:411,0
DA:413,0
DA:416,0
DA:417,0
DA:423,0
DA:424,0
DA:425,0
DA:427,0
DA:429,0
DA:430,0
DA:440,0
DA:441,0
DA:442,0
DA:443,0
DA:445,0
DA:446,0
DA:447,0
DA:448,0
DA:449,0
DA:463,0
DA:464,0
DA:465,0
DA:466,0
DA:468,0
DA:469,0
DA:470,0
DA:471,0
DA:472,0
DA:474,0
DA:475,0
DA:476,0
DA:477,0
DA:478,0
DA:479,0
DA:480,0
DA:484,0
DA:490,0
DA:492,0
DA:494,0
DA:495,0
DA:504,0
DA:506,0
DA:507,0
DA:508,0
DA:510,0
DA:511,0
DA:512,0
DA:532,0
DA:533,0
DA:536,0
DA:538,0
DA:541,0
DA:546,0
DA:553,0
DA:554,0
DA:555,0
DA:556,0
DA:558,0
DA:560,0
DA:561,0
DA:562,0
DA:563,0
DA:565,0
DA:566,0
DA:569,0
DA:570,0
DA:573,0
DA:579,0
DA:596,0
DA:597,0
DA:598,0
DA:600,0
DA:602,0
DA:606,0
DA:607,0
DA:609,0
DA:610,0
DA:615,0
DA:616,0
DA:619,0
DA:620,0
DA:622,0
DA:626,0
DA:629,0
DA:633,0
DA:636,0
DA:646,0
DA:648,0
DA:649,0
DA:650,0
DA:651,0
DA:652,0
DA:653,0
DA:661,0
DA:663,0
DA:667,0
DA:670,0
DA:674,0
DA:689,0
DA:690,0
DA:695,0
DA:696,0
DA:698,0
DA:700,0
DA:704,0
DA:705,0
DA:732,0
DA:733,0
DA:736,0
DA:742,0
DA:765,0
DA:770,0
DA:774,0
DA:776,0
DA:778,0
DA:791,0
DA:792,0
DA:794,0
DA:799,0
DA:801,0
DA:803,0
DA:805,0
DA:806,0
DA:808,0
DA:812,0
DA:813,0
DA:816,0
DA:817,0
DA:828,0
DA:831,0
DA:832,0
DA:833,0
DA:835,0
DA:836,0
DA:837,0
DA:855,0
DA:856,0
DA:859,0
DA:861,0
DA:864,0
DA:869,0
DA:876,0
DA:877,0
DA:878,0
DA:879,0
DA:881,0
DA:883,0
DA:884,0
DA:885,0
DA:886,0
DA:887,0
DA:889,0
DA:890,0
DA:891,0
DA:892,0
DA:893,0
DA:894,0
DA:900,0
DA:908,0
DA:909,0
DA:910,0
DA:911,0
DA:918,0
DA:923,0
DA:924,0
DA:927,0
DA:928,0
DA:929,0
DA:930,0
DA:941,0
DA:943,0
DA:944,0
DA:953,0
DA:954,0
DA:955,0
DA:968,0
DA:998,0
DA:1003,0
DA:1004,0
DA:1008,0
DA:1014,0
DA:1017,0
DA:1018,0
DA:1020,0
DA:1021,0
DA:1028,0
DA:1030,0
DA:1031,0
DA:1032,0
DA:1033,0
DA:1034,0
DA:1035,0
DA:1036,0
DA:1038,0
DA:1039,0
DA:1040,0
DA:1041,0
DA:1044,0
DA:1045,0
DA:1047,0
DA:1049,0
DA:1050,0
DA:1051,0
DA:1054,0
DA:1061,0
DA:1062,0
DA:1063,0
DA:1066,0
DA:1071,0
DA:1072,0
DA:1073,0
DA:1076,0
DA:1080,0
DA:1081,0
DA:1082,0
DA:1085,0
DA:1086,0
DA:1087,0
DA:1089,0
DA:1093,0
DA:1094,0
DA:1096,0
DA:1100,0
DA:1101,0
DA:1105,0
DA:1106,0
DA:1107,0
DA:1108,0
DA:1111,0
DA:1114,0
DA:1124,0
DA:1126,0
DA:1129,0
DA:1130,0
DA:1132,0
DA:1134,0
DA:1145,0
DA:1149,0
DA:1150,0
DA:1151,0
DA:1153,0
DA:1154,0
DA:1155,0
DA:1160,0
DA:1175,0
DA:1178,0
DA:1180,0
DA:1181,0
DA:1183,0
DA:1185,0
DA:1187,0
DA:1188,0
DA:1192,0
DA:1193,0
DA:1197,0
DA:1199,0
DA:1200,0
DA:1201,0
DA:1203,0
DA:1204,0
DA:1205,0
DA:1210,0
DA:1211,0
DA:1212,0
DA:1214,0
DA:1215,0
DA:1216,0
DA:1221,0
DA:1236,0
DA:1240,0
DA:1242,0
DA:1243,0
DA:1245,0
DA:1246,0
DA:1247,0
DA:1253,0
DA:1254,0
DA:1255,0
DA:1257,0
DA:1258,0
DA:1260,0
DA:1262,0
DA:1267,0
DA:1268,0
DA:1270,0
DA:1271,0
DA:1289,0
DA:1291,0
DA:1292,0
DA:1293,0
DA:1295,0
DA:1296,0
DA:1297,0
DA:1317,0
DA:1318,0
DA:1321,0
DA:1323,0
DA:1326,0
DA:1331,0
DA:1335,0
DA:1337,0
DA:1339,0
DA:1340,0
DA:1350,0
LF:508
LH:0
end_of_record
SF:lib\Screens\Search\tag_posts.dart
DA:18,0
DA:21,0
DA:26,0
DA:30,0
DA:39,0
DA:40,0
DA:80,0
DA:81,0
DA:82,0
DA:83,0
DA:84,0
DA:85,0
DA:86,0
DA:87,0
DA:91,0
DA:92,0
DA:93,0
DA:94,0
DA:96,0
DA:98,0
DA:99,0
DA:100,0
DA:103,0
DA:107,0
DA:108,0
DA:112,0
DA:113,0
DA:114,0
DA:115,0
DA:116,0
DA:117,0
DA:118,0
DA:119,0
DA:123,0
DA:124,0
DA:126,0
DA:127,0
DA:129,0
DA:131,0
DA:132,0
DA:133,0
DA:136,0
DA:140,0
DA:141,0
DA:145,0
DA:147,0
DA:148,0
DA:149,0
DA:150,0
DA:152,0
DA:154,0
DA:155,0
DA:156,0
DA:163,0
DA:164,0
DA:166,0
DA:167,0
DA:169,0
DA:171,0
DA:172,0
DA:173,0
DA:178,0
DA:180,0
DA:181,0
DA:185,0
DA:186,0
DA:190,0
DA:191,0
DA:192,0
DA:196,0
DA:197,0
DA:199,0
DA:200,0
DA:201,0
DA:203,0
DA:205,0
DA:206,0
DA:207,0
DA:210,0
DA:211,0
DA:212,0
DA:215,0
DA:218,0
DA:219,0
DA:222,0
DA:223,0
DA:227,0
DA:228,0
DA:232,0
DA:233,0
DA:234,0
DA:238,0
DA:239,0
DA:240,0
DA:241,0
DA:242,0
DA:244,0
DA:246,0
DA:247,0
DA:248,0
DA:251,0
DA:252,0
DA:253,0
DA:256,0
DA:259,0
DA:260,0
DA:263,0
DA:264,0
DA:272,0
DA:274,0
DA:277,0
DA:278,0
DA:279,0
DA:280,0
DA:281,0
DA:282,0
DA:283,0
DA:284,0
DA:285,0
DA:288,0
DA:289,0
DA:290,0
DA:291,0
DA:292,0
DA:293,0
DA:294,0
DA:297,0
DA:298,0
DA:299,0
DA:300,0
DA:302,0
DA:306,0
DA:307,0
DA:308,0
DA:310,0
DA:313,0
DA:316,0
DA:318,0
DA:319,0
DA:320,0
DA:321,0
DA:322,0
DA:323,0
DA:324,0
DA:330,0
DA:332,0
DA:333,0
DA:334,0
DA:335,0
DA:336,0
DA:337,0
DA:338,0
DA:340,0
DA:341,0
DA:342,0
DA:343,0
DA:344,0
DA:345,0
DA:346,0
DA:349,0
DA:350,0
DA:351,0
DA:357,0
DA:359,0
DA:361,0
DA:362,0
DA:363,0
DA:364,0
DA:365,0
DA:366,0
DA:369,0
DA:372,0
DA:373,0
DA:378,0
DA:379,0
DA:382,0
DA:384,0
DA:386,0
DA:387,0
DA:388,0
DA:391,0
DA:392,0
DA:393,0
DA:401,0
DA:404,0
DA:405,0
DA:406,0
DA:410,0
DA:417,0
DA:418,0
DA:420,0
DA:424,0
DA:425,0
DA:426,0
DA:439,0
DA:442,0
DA:447,0
DA:450,0
DA:460,0
DA:461,0
DA:464,0
DA:465,0
DA:469,0
DA:472,0
DA:474,0
DA:475,0
DA:477,0
DA:478,0
DA:479,0
DA:480,0
DA:481,0
DA:488,0
DA:489,0
DA:491,0
DA:492,0
DA:502,0
DA:503,0
DA:504,0
DA:505,0
DA:506,0
DA:507,0
DA:508,0
DA:510,0
DA:511,0
DA:514,0
DA:515,0
DA:518,0
DA:519,0
DA:523,0
DA:525,0
DA:526,0
DA:527,0
DA:530,0
DA:537,0
DA:540,0
DA:541,0
DA:544,0
DA:549,0
DA:550,0
DA:551,0
DA:554,0
DA:561,0
DA:562,0
DA:563,0
DA:566,0
DA:568,0
DA:569,0
DA:571,0
DA:573,0
DA:574,0
DA:575,0
DA:576,0
DA:577,0
DA:587,0
DA:589,0
DA:590,0
DA:593,0
DA:594,0
DA:595,0
DA:596,0
DA:597,0
DA:608,0
DA:609,0
DA:610,0
DA:612,0
DA:613,0
DA:615,0
DA:622,0
DA:628,0
DA:631,0
DA:632,0
DA:633,0
DA:651,0
DA:653,0
DA:656,0
DA:657,0
DA:658,0
DA:659,0
DA:660,0
DA:663,0
DA:666,0
DA:667,0
DA:671,0
DA:672,0
DA:674,0
DA:681,0
DA:685,0
DA:686,0
DA:687,0
DA:688,0
DA:691,0
DA:692,0
DA:693,0
DA:694,0
DA:695,0
DA:696,0
DA:697,0
DA:698,0
DA:699,0
DA:700,0
DA:703,0
DA:705,0
DA:707,0
DA:709,0
DA:710,0
DA:712,0
DA:713,0
DA:714,0
DA:715,0
DA:730,0
DA:735,0
DA:736,0
DA:737,0
DA:738,0
DA:740,0
DA:741,0
DA:743,0
DA:744,0
DA:745,0
DA:749,0
DA:754,0
DA:756,0
DA:757,0
DA:767,0
DA:768,0
DA:771,0
DA:774,0
DA:776,0
DA:783,0
DA:787,0
DA:788,0
DA:789,0
DA:791,0
DA:792,0
DA:793,0
DA:810,0
DA:811,0
DA:813,0
DA:814,0
DA:816,0
DA:817,0
DA:818,0
DA:822,0
DA:827,0
DA:829,0
DA:830,0
DA:839,0
DA:840,0
DA:843,0
DA:846,0
DA:848,0
DA:855,0
DA:859,0
DA:860,0
DA:861,0
DA:863,0
DA:864,0
DA:865,0
DA:886,0
DA:897,0
DA:907,0
DA:908,0
DA:910,0
DA:911,0
DA:913,0
DA:919,0
DA:922,0
DA:924,0
DA:925,0
DA:926,0
LF:370
LH:0
end_of_record
SF:lib\Screens\Settings\profile_settings.dart
DA:18,4
DA:20,0
DA:22,0
DA:23,0
DA:24,0
DA:25,0
DA:27,0
DA:28,0
DA:29,0
DA:30,0
DA:31,0
DA:32,0
DA:44,0
DA:45,0
DA:46,0
DA:47,0
DA:48,0
DA:61,0
DA:62,0
DA:63,0
DA:64,0
DA:65,0
DA:78,0
DA:79,0
DA:80,0
DA:81,0
DA:82,0
DA:86,0
DA:87,0
DA:94,0
DA:95,0
DA:96,0
DA:97,0
DA:98,0
DA:103,0
DA:104,0
DA:111,0
DA:112,0
DA:113,0
DA:114,0
DA:115,0
DA:116,0
DA:117,0
DA:118,0
DA:119,0
DA:120,0
DA:122,0
LF:47
LH:1
end_of_record
SF:lib\Methods\choose_image.dart
DA:6,0
DA:7,0
DA:9,0
LF:3
LH:0
end_of_record
SF:lib\Methods\email_password_validators.dart
DA:4,0
DA:5,0
DA:6,0
DA:19,0
DA:20,0
DA:22,0
DA:24,0
DA:26,0
LF:8
LH:0
end_of_record
SF:lib\Methods\extract_mentions_tags.dart
DA:6,0
DA:12,0
DA:13,0
DA:14,0
DA:15,0
DA:16,0
DA:17,0
DA:19,0
DA:20,0
DA:23,0
DA:25,0
DA:26,0
DA:27,0
DA:28,0
DA:31,0
DA:33,0
DA:40,0
DA:41,0
DA:42,0
DA:43,0
DA:44,0
DA:45,0
DA:47,0
DA:48,0
DA:51,0
DA:52,0
DA:53,0
LF:27
LH:0
end_of_record
SF:lib\Models\http_requests_exceptions.dart
DA:4,0
DA:8,0
DA:10,0
LF:3
LH:0
end_of_record
SF:lib\Widgets\Search\check_out_tags.dart
DA:12,0
DA:18,0
DA:28,0
DA:29,0
DA:35,0
DA:37,0
DA:38,0
DA:41,0
DA:43,0
DA:44,0
DA:47,0
DA:49,0
DA:51,0
DA:53,0
DA:70,0
DA:72,0
DA:73,0
DA:75,0
DA:77,0
DA:79,0
DA:80,0
DA:81,0
DA:82,0
DA:83,0
DA:84,0
DA:86,0
DA:87,0
DA:88,0
DA:91,0
DA:92,0
LF:30
LH:0
end_of_record
SF:lib\Widgets\Search\trendings.dart
DA:11,0
DA:15,0
DA:23,0
DA:24,0
DA:28,0
DA:30,0
DA:32,0
DA:34,0
DA:46,0
DA:47,0
DA:48,0
DA:52,0
DA:54,0
DA:55,0
DA:56,0
DA:57,0
DA:59,0
DA:60,0
DA:63,0
LF:19
LH:0
end_of_record
SF:lib\Methods\initializer.dart
DA:7,0
DA:8,0
DA:10,0
DA:11,0
DA:12,0
DA:13,0
DA:14,0
DA:18,0
DA:20,0
DA:24,0
DA:26,0
DA:30,0
DA:31,0
DA:32,0
DA:33,0
DA:34,0
DA:35,0
DA:36,0
DA:37,0
DA:38,0
DA:39,0
DA:40,0
LF:22
LH:0
end_of_record
SF:lib\Methods\local_db.dart
DA:6,0
DA:9,0
DA:32,0
DA:37,0
DA:41,0
DA:42,0
DA:43,0
DA:45,0
DA:48,0
DA:53,0
DA:62,0
DA:65,0
DA:78,0
DA:85,0
DA:92,0
DA:94,0
DA:102,0
DA:107,0
DA:118,0
DA:120,0
DA:133,0
DA:134,0
DA:141,0
DA:142,0
DA:143,0
DA:144,0
DA:145,0
DA:147,0
DA:151,0
DA:152,0
DA:153,0
DA:158,0
DA:159,0
DA:160,0
DA:164,0
DA:165,0
DA:166,0
DA:170,0
DA:171,0
DA:172,0
DA:173,0
DA:177,0
DA:178,0
DA:179,0
LF:44
LH:0
end_of_record
SF:lib\Methods\log_in_with_google.dart
DA:15,0
DA:16,0
DA:18,0
DA:20,0
DA:21,0
DA:22,0
DA:24,0
DA:26,0
DA:27,0
DA:28,0
DA:29,0
DA:33,0
DA:34,0
DA:35,0
DA:42,0
DA:43,0
DA:45,0
DA:47,0
DA:48,0
DA:49,0
DA:51,0
DA:52,0
DA:55,0
DA:57,0
DA:58,0
DA:59,0
DA:60,0
DA:65,0
DA:73,0
DA:75,0
DA:76,0
DA:77,0
DA:79,0
DA:82,0
DA:85,0
LF:35
LH:0
end_of_record
SF:lib\Methods\show_toast.dart
DA:5,0
DA:6,0
LF:2
LH:0
end_of_record
SF:lib\Screens\Sign_Up_Screens\With_Google\get_age.dart
DA:10,0
DA:11,0
DA:18,0
DA:20,0
DA:21,0
DA:22,0
DA:25,0
DA:27,0
DA:28,0
DA:31,0
DA:33,0
DA:34,0
DA:35,0
DA:36,0
DA:39,0
DA:41,0
DA:42,0
DA:44,0
DA:46,0
DA:60,0
DA:61,0
DA:62,0
DA:64,0
DA:65,0
DA:69,0
DA:70,0
DA:71,0
DA:76,0
DA:131,0
DA:133,0
DA:134,0
DA:135,0
DA:137,0
DA:138,0
DA:139,0
DA:140,0
DA:141,0
DA:142,0
DA:143,0
DA:148,0
DA:149,0
DA:150,0
DA:151,0
DA:152,0
DA:153,0
DA:154,0
LF:46
LH:0
end_of_record
SF:lib\Screens\main_screen.dart
DA:16,0
DA:17,0
DA:30,0
DA:32,0
DA:33,0
DA:36,0
DA:38,0
DA:39,0
DA:42,0
DA:44,0
DA:45,0
DA:46,0
DA:47,0
DA:48,0
DA:49,0
DA:51,0
DA:60,0
DA:61,0
DA:65,0
DA:79,0
DA:82,0
DA:84,0
DA:85,0
DA:86,0
DA:87,0
DA:89,0
DA:90,0
DA:94,0
DA:95,0
DA:99,0
DA:100,0
DA:103,0
DA:104,0
DA:105,0
DA:106,0
DA:107,0
DA:108,0
DA:112,0
DA:124,0
DA:125,0
DA:126,0
DA:127,0
LF:42
LH:0
end_of_record
SF:lib\Methods\log_out.dart
DA:10,0
DA:11,0
DA:13,0
DA:15,0
DA:18,0
DA:19,0
DA:29,0
DA:30,0
DA:31,0
DA:32,0
DA:33,0
DA:34,0
DA:35,0
DA:36,0
DA:37,0
DA:38,0
DA:40,0
DA:41,0
DA:44,0
LF:19
LH:0
end_of_record
SF:lib\Methods\process_html.dart
DA:6,0
DA:14,0
DA:15,0
DA:16,0
DA:17,0
DA:18,0
DA:21,0
DA:22,0
DA:24,0
DA:25,0
DA:26,0
DA:28,0
DA:30,0
DA:32,0
DA:41,0
DA:43,0
DA:44,0
DA:46,0
DA:47,0
DA:48,0
DA:51,0
DA:52,0
DA:53,0
DA:54,0
DA:55,0
DA:57,0
DA:59,0
DA:61,0
DA:70,0
DA:72,0
DA:73,0
DA:74,0
DA:75,0
DA:76,0
DA:79,0
DA:80,0
DA:82,0
DA:83,0
DA:84,0
DA:86,0
DA:88,0
DA:90,0
LF:42
LH:0
end_of_record
SF:lib\Models\Activity_Notifications\ask.dart
DA:4,0
LF:1
LH:0
end_of_record
SF:lib\Models\Activity_Notifications\follow.dart
DA:4,0
LF:1
LH:0
end_of_record
SF:lib\Models\Activity_Notifications\like.dart
DA:4,0
LF:1
LH:0
end_of_record
SF:lib\Models\Activity_Notifications\mention.dart
DA:4,0
LF:1
LH:0
end_of_record
SF:lib\Models\Activity_Notifications\reblog.dart
DA:4,0
LF:1
LH:0
end_of_record
SF:lib\Models\Activity_Notifications\reply.dart
DA:4,0
LF:1
LH:0
end_of_record
SF:lib\Models\Activity_Notifications\time_packet.dart
DA:4,0
LF:1
LH:0
end_of_record
SF:lib\Models\followers_model.dart
DA:4,0
LF:1
LH:0
end_of_record
SF:lib\Providers\followed_tags_sign_up.dart
DA:9,0
DA:12,0
DA:13,0
DA:14,0
DA:15,0
DA:20,0
DA:21,0
DA:22,0
DA:23,0
LF:9
LH:0
end_of_record
SF:lib\Providers\tags.dart
DA:29,0
DA:30,0
DA:34,0
DA:35,0
DA:39,0
DA:40,0
DA:44,0
DA:45,0
DA:49,0
DA:50,0
DA:54,0
DA:55,0
DA:59,0
DA:60,0
DA:64,0
DA:65,0
DA:69,0
DA:70,0
DA:79,0
DA:81,0
DA:84,0
DA:85,0
DA:86,0
DA:87,0
DA:90,0
DA:91,0
DA:93,0
DA:94,0
DA:95,0
DA:96,0
DA:97,0
DA:98,0
DA:99,0
DA:102,0
DA:105,0
DA:113,0
DA:116,0
DA:117,0
DA:120,0
DA:121,0
DA:122,0
DA:124,0
DA:129,0
DA:130,0
DA:131,0
DA:132,0
DA:134,0
DA:135,0
DA:136,0
DA:137,0
DA:138,0
DA:140,0
DA:145,0
DA:146,0
DA:147,0
DA:148,0
DA:149,0
DA:151,0
DA:152,0
DA:153,0
DA:154,0
DA:158,0
DA:159,0
DA:160,0
DA:161,0
DA:162,0
DA:163,0
DA:164,0
DA:166,0
DA:171,0
DA:172,0
DA:173,0
DA:174,0
DA:175,0
DA:177,0
DA:178,0
DA:179,0
DA:180,0
DA:183,0
DA:184,0
DA:187,0
DA:188,0
DA:189,0
DA:190,0
DA:191,0
DA:192,0
DA:193,0
DA:196,0
DA:197,0
DA:198,0
DA:199,0
DA:202,0
DA:203,0
DA:207,0
DA:208,0
DA:209,0
DA:210,0
DA:211,0
DA:212,0
DA:213,0
DA:214,0
DA:215,0
DA:216,0
LF:103
LH:0
end_of_record
SF:lib\Widgets\Exceptions_UI\error_dialog.dart
DA:7,0
DA:11,0
DA:13,0
DA:14,0
DA:16,0
DA:17,0
DA:18,0
DA:19,0
DA:20,0
LF:9
LH:0
end_of_record
SF:lib\Screens\ActivityAndChat\chat_out_view.dart
DA:11,0
DA:14,0
DA:17,0
DA:19,0
DA:20,0
DA:21,0
DA:23,0
DA:24,0
DA:25,0
DA:26,0
DA:27,0
DA:28,0
DA:30,0
DA:31,0
DA:32,0
DA:35,0
DA:39,0
DA:40,0
DA:41,0
DA:43,0
DA:44,0
DA:45,0
DA:48,0
DA:54,0
DA:61,4
DA:63,0
DA:64,0
DA:68,0
DA:70,0
DA:71,0
DA:72,0
DA:76,0
DA:77,0
DA:78,0
DA:79,0
DA:80,0
DA:81,0
DA:82,0
DA:83,0
DA:84,0
DA:89,0
DA:90,0
DA:91,0
DA:92,0
DA:93,0
DA:94,0
DA:96,0
DA:98,0
DA:99,0
DA:100,0
DA:101,0
DA:102,0
DA:103,0
DA:104,0
DA:110,0
DA:112,0
DA:113,0
DA:114,0
DA:122,0
DA:123,0
DA:124,0
DA:125,0
DA:127,0
DA:136,0
DA:138,0
DA:144,0
DA:146,0
DA:148,0
DA:149,0
DA:150,0
DA:152,0
LF:71
LH:1
end_of_record
SF:lib\Widgets\Activity_Notifications\time_packet_contianer.dart
DA:13,0
DA:17,0
DA:25,0
DA:27,0
DA:29,0
DA:30,0
DA:32,0
DA:33,0
DA:40,0
DA:43,0
DA:45,0
DA:47,0
DA:48,0
DA:49,0
DA:50,0
DA:51,0
DA:52,0
DA:54,0
DA:55,0
DA:56,0
DA:57,0
DA:58,0
DA:60,0
DA:61,0
DA:62,0
DA:63,0
DA:65,0
DA:66,0
DA:67,0
DA:68,0
DA:69,0
DA:71,0
DA:72,0
DA:73,0
DA:74,0
DA:76,0
DA:77,0
DA:78,0
DA:79,0
DA:80,0
DA:81,0
DA:84,0
LF:42
LH:0
end_of_record
SF:lib\Widgets\Add_Post\dropdown_list.dart
DA:8,12
DA:10,0
DA:11,0
DA:17,0
DA:19,0
DA:20,0
DA:21,0
DA:25,0
DA:26,0
DA:28,0
DA:31,0
DA:32,0
DA:34,0
DA:36,0
LF:14
LH:1
end_of_record
SF:lib\Widgets\Exceptions_UI\empty_list_exception.dart
DA:6,20
DA:7,0
DA:12,0
DA:14,0
DA:15,0
DA:16,0
DA:18,0
DA:19,0
DA:20,0
DA:21,0
LF:10
LH:1
end_of_record
SF:lib\Widgets\Exceptions_UI\generic_exception.dart
DA:6,12
DA:11,0
DA:13,0
DA:14,0
DA:15,0
DA:17,0
DA:18,0
DA:19,0
DA:20,0
LF:9
LH:1
end_of_record
SF:lib\Screens\Chat\inside_chat.dart
DA:16,0
DA:21,0
DA:22,0
DA:34,0
DA:38,0
DA:39,0
DA:40,0
DA:41,0
DA:42,0
DA:43,0
DA:44,0
DA:45,0
DA:46,0
DA:48,0
DA:49,0
DA:51,0
DA:52,0
DA:55,0
DA:60,0
DA:61,0
DA:63,0
DA:64,0
DA:66,0
DA:68,0
DA:75,0
DA:77,0
DA:78,0
DA:79,0
DA:84,0
DA:85,0
DA:87,0
DA:89,0
DA:90,0
DA:96,0
DA:97,0
DA:98,0
DA:99,0
DA:101,0
DA:103,0
DA:104,0
DA:106,0
DA:109,0
DA:113,0
DA:114,0
DA:122,0
DA:124,0
DA:125,0
DA:130,0
DA:131,0
DA:135,0
DA:136,0
DA:137,0
DA:143,0
DA:144,0
DA:145,0
DA:152,0
DA:153,0
DA:154,0
DA:155,0
DA:156,0
DA:161,0
DA:162,0
DA:170,0
DA:171,0
DA:172,0
DA:181,0
DA:182,0
DA:184,0
DA:185,0
DA:187,0
DA:188,0
DA:192,0
DA:194,0
DA:195,0
DA:196,0
DA:197,0
DA:198,0
DA:200,0
DA:203,0
DA:204,0
DA:208,0
DA:209,0
DA:210,0
DA:211,0
DA:212,0
DA:216,0
DA:217,0
DA:220,0
DA:222,0
DA:223,0
DA:224,0
DA:225,0
DA:233,0
DA:234,0
DA:235,0
DA:236,0
DA:237,0
DA:239,0
DA:240,0
DA:241,0
DA:243,0
DA:248,0
DA:253,0
DA:262,0
DA:263,0
DA:265,0
DA:266,0
DA:267,0
DA:268,0
DA:269,0
DA:271,0
DA:273,0
DA:276,0
DA:277,0
DA:281,0
DA:283,0
DA:288,0
DA:290,0
DA:291,0
DA:292,0
DA:294,0
DA:295,0
DA:296,0
DA:297,0
DA:298,0
DA:303,0
DA:305,0
DA:306,0
DA:307,0
DA:308,0
DA:309,0
DA:312,0
DA:317,0
DA:318,0
DA:321,0
DA:322,0
DA:323,0
DA:324,0
DA:325,0
DA:342,0
DA:343,0
DA:344,0
DA:345,0
DA:347,0
DA:349,0
DA:350,0
DA:351,0
DA:353,0
DA:354,0
DA:357,0
DA:361,0
LF:151
LH:0
end_of_record
SF:lib\Widgets\Post\post_personal_avatar.dart
DA:7,0
DA:12,0
DA:23,0
DA:24,0
DA:28,0
DA:30,0
DA:31,0
DA:32,0
DA:33,0
DA:34,0
DA:35,0
DA:40,0
DA:42,0
DA:45,0
DA:46,0
DA:47,0
DA:52,0
DA:54,0
DA:55,0
DA:59,0
LF:20
LH:0
end_of_record
SF:lib\Screens\Add_Post\add_new_post.dart
DA:13,4
DA:26,0
DA:27,0
DA:38,0
DA:39,0
DA:40,0
DA:41,0
DA:43,0
DA:45,0
DA:47,0
DA:51,0
DA:56,0
DA:58,0
DA:59,0
DA:60,0
DA:62,0
DA:66,0
DA:67,0
DA:68,0
DA:69,0
DA:71,0
DA:82,0
DA:84,0
DA:85,0
DA:86,0
DA:87,0
DA:88,0
DA:89,0
DA:101,0
DA:102,0
DA:103,0
DA:104,0
DA:105,0
DA:107,0
DA:109,0
DA:118,0
DA:120,0
DA:121,0
DA:122,0
DA:123,0
DA:124,0
DA:126,0
DA:134,0
DA:135,0
DA:136,0
DA:137,0
DA:138,0
DA:140,0
DA:142,0
DA:151,0
DA:153,0
DA:154,0
DA:155,0
DA:156,0
DA:157,0
DA:159,0
DA:167,0
DA:168,0
DA:169,0
DA:170,0
DA:171,0
DA:173,0
DA:175,0
DA:184,0
DA:186,0
DA:187,0
DA:188,0
DA:189,0
DA:190,0
DA:192,0
DA:204,0
DA:206,0
DA:207,0
DA:209,0
DA:212,0
DA:213,0
DA:216,0
DA:221,0
DA:224,0
DA:227,0
DA:228,0
DA:230,0
DA:231,0
DA:232,0
DA:234,0
DA:235,0
DA:238,0
DA:241,0
DA:246,0
DA:247,0
DA:249,0
DA:250,0
DA:252,0
DA:253,0
DA:262,0
DA:263,0
DA:265,0
DA:266,0
DA:267,0
DA:269,0
DA:271,0
DA:272,0
DA:273,0
DA:274,0
DA:275,0
DA:277,0
DA:283,0
DA:284,0
DA:314,0
DA:315,0
DA:317,0
DA:318,0
DA:319,0
DA:320,0
DA:321,0
DA:323,0
LF:116
LH:1
end_of_record
SF:lib\Screens\Add_Post\edit_post.dart
DA:10,4
DA:24,0
DA:29,0
DA:30,0
DA:45,0
DA:46,0
DA:47,0
DA:49,0
DA:51,0
DA:53,0
DA:57,0
DA:58,0
DA:60,0
DA:61,0
DA:62,0
DA:64,0
DA:68,0
DA:69,0
DA:70,0
DA:71,0
DA:73,0
DA:84,0
DA:86,0
DA:87,0
DA:88,0
DA:89,0
DA:90,0
DA:91,0
DA:103,0
DA:104,0
DA:105,0
DA:106,0
DA:107,0
DA:109,0
DA:111,0
DA:120,0
DA:122,0
DA:123,0
DA:124,0
DA:125,0
DA:126,0
DA:128,0
DA:136,0
DA:137,0
DA:138,0
DA:139,0
DA:140,0
DA:142,0
DA:144,0
DA:153,0
DA:155,0
DA:156,0
DA:157,0
DA:158,0
DA:159,0
DA:161,0
DA:169,0
DA:170,0
DA:171,0
DA:172,0
DA:173,0
DA:175,0
DA:177,0
DA:186,0
DA:188,0
DA:189,0
DA:190,0
DA:191,0
DA:192,0
DA:194,0
DA:206,0
DA:207,0
DA:208,0
DA:209,0
DA:210,0
DA:211,0
DA:212,0
DA:213,0
DA:214,0
DA:215,0
DA:216,0
DA:217,0
DA:218,0
DA:220,0
DA:221,0
DA:223,0
DA:224,0
DA:225,0
DA:227,0
DA:228,0
DA:232,0
DA:234,0
DA:235,0
DA:238,0
DA:240,0
DA:241,0
DA:243,0
DA:246,0
DA:247,0
DA:250,0
DA:255,0
DA:258,0
DA:261,0
DA:262,0
DA:264,0
DA:265,0
DA:266,0
DA:268,0
DA:269,0
DA:272,0
DA:275,0
DA:280,0
DA:281,0
DA:283,0
DA:284,0
DA:286,0
DA:287,0
DA:296,0
DA:297,0
DA:299,0
DA:300,0
DA:301,0
DA:303,0
DA:305,0
DA:306,0
DA:307,0
DA:308,0
DA:309,0
DA:310,0
DA:311,0
DA:313,0
DA:317,0
DA:318,0
DA:348,0
DA:349,0
DA:351,0
DA:352,0
DA:353,0
DA:354,0
DA:355,0
DA:357,0
LF:141
LH:1
end_of_record
SF:lib\Screens\Add_Post\reblog_post.dart
DA:13,4
DA:27,0
DA:38,0
DA:39,0
DA:49,0
DA:50,0
DA:51,0
DA:52,0
DA:55,0
DA:57,0
DA:59,0
DA:61,0
DA:65,0
DA:66,0
DA:67,0
DA:73,0
DA:74,0
DA:75,0
DA:77,0
DA:81,0
DA:82,0
DA:83,0
DA:84,0
DA:86,0
DA:97,0
DA:99,0
DA:100,0
DA:101,0
DA:102,0
DA:103,0
DA:104,0
DA:116,0
DA:117,0
DA:118,0
DA:119,0
DA:120,0
DA:122,0
DA:124,0
DA:133,0
DA:135,0
DA:136,0
DA:137,0
DA:138,0
DA:139,0
DA:141,0
DA:149,0
DA:150,0
DA:151,0
DA:152,0
DA:153,0
DA:155,0
DA:157,0
DA:166,0
DA:168,0
DA:169,0
DA:170,0
DA:171,0
DA:172,0
DA:174,0
DA:182,0
DA:183,0
DA:184,0
DA:185,0
DA:186,0
DA:188,0
DA:190,0
DA:199,0
DA:201,0
DA:202,0
DA:203,0
DA:204,0
DA:205,0
DA:207,0
DA:219,0
DA:221,0
DA:222,0
DA:224,0
DA:227,0
DA:228,0
DA:231,0
DA:236,0
DA:239,0
DA:242,0
DA:243,0
DA:245,0
DA:246,0
DA:247,0
DA:249,0
DA:250,0
DA:253,0
DA:256,0
DA:261,0
DA:262,0
DA:264,0
DA:265,0
DA:267,0
DA:268,0
DA:277,0
DA:278,0
DA:280,0
DA:281,0
DA:282,0
DA:284,0
DA:286,0
DA:287,0
DA:288,0
DA:289,0
DA:290,0
DA:291,0
DA:292,0
DA:298,0
DA:302,0
DA:303,0
DA:307,0
DA:308,0
DA:338,0
DA:339,0
DA:341,0
DA:342,0
LF:119
LH:1
end_of_record
SF:lib\Widgets\Post\html_viewer.dart
DA:18,0
DA:21,0
DA:26,0
DA:27,0
DA:33,0
DA:34,0
DA:37,0
DA:39,0
DA:40,0
DA:41,0
DA:44,0
DA:46,0
DA:47,0
DA:48,0
DA:49,0
DA:52,0
DA:55,0
DA:59,0
DA:63,0
DA:66,0
DA:69,0
DA:72,0
DA:75,0
DA:78,0
DA:81,0
DA:82,0
DA:83,0
DA:85,0
DA:88,0
DA:89,0
DA:90,0
DA:91,0
DA:92,0
DA:96,0
DA:98,0
DA:100,0
DA:101,0
DA:103,0
DA:104,0
DA:105,0
DA:106,0
DA:107,0
DA:109,0
DA:111,0
DA:112,0
DA:114,0
DA:119,0
DA:121,0
DA:122,0
DA:124,0
DA:127,0
DA:128,0
DA:129,0
DA:131,0
DA:132,0
DA:135,0
DA:137,0
DA:139,0
DA:150,0
DA:153,0
DA:156,0
LF:61
LH:0
end_of_record
SF:lib\Widgets\Home\home_sliver_app_bar.dart
DA:5,4
DA:17,0
DA:21,0
DA:30,0
DA:32,0
DA:37,0
DA:41,0
DA:42,0
DA:43,0
DA:44,0
DA:45,0
DA:47,0
DA:48,0
DA:55,0
DA:56,0
DA:57,0
DA:59,0
DA:60,0
LF:18
LH:1
end_of_record
SF:lib\Widgets\Post\post_overview.dart
DA:12,0
DA:19,0
DA:45,0
DA:46,0
DA:52,0
DA:53,0
DA:54,0
DA:55,0
DA:56,0
DA:57,0
DA:59,0
DA:60,0
DA:61,0
DA:62,0
DA:63,0
DA:65,0
DA:68,0
DA:69,0
DA:76,0
DA:78,0
DA:79,0
DA:82,0
DA:84,0
DA:85,0
DA:86,0
DA:87,0
DA:88,0
DA:89,0
DA:90,0
DA:91,0
DA:92,0
DA:93,0
DA:95,0
DA:100,0
DA:102,0
DA:104,0
DA:105,0
DA:106,0
DA:107,0
DA:109,0
DA:111,0
DA:112,0
DA:114,0
DA:115,0
DA:116,0
DA:117,0
DA:118,0
DA:119,0
DA:120,0
DA:122,0
DA:126,0
DA:127,0
DA:136,0
DA:139,0
DA:140,0
DA:141,0
DA:142,0
DA:143,0
DA:144,0
DA:146,0
DA:147,0
DA:157,0
LF:62
LH:0
end_of_record
SF:lib\Screens\Intro_Carousel\intro_carousel.dart
DA:16,0
DA:17,0
DA:28,0
DA:30,0
DA:31,0
DA:34,0
DA:36,0
DA:39,0
DA:41,0
DA:42,0
DA:43,0
DA:45,0
DA:46,0
DA:48,0
DA:49,0
DA:50,0
DA:51,0
DA:52,0
DA:53,0
DA:55,0
DA:57,0
DA:58,0
DA:59,0
DA:60,0
DA:61,0
DA:63,0
DA:64,0
DA:67,0
DA:68,0
DA:69,0
DA:70,0
DA:71,0
DA:72,0
DA:74,0
DA:75,0
DA:76,0
DA:79,0
DA:80,0
DA:81,0
DA:83,0
DA:84,0
DA:85,0
DA:88,0
DA:89,0
DA:90,0
DA:93,0
DA:94,0
DA:95,0
DA:103,0
DA:109,0
DA:111,0
DA:112,0
DA:114,0
DA:115,0
DA:118,0
DA:120,0
DA:121,0
DA:123,0
DA:126,0
DA:128,0
DA:131,0
DA:132,0
DA:136,0
DA:140,0
DA:144,0
DA:148,0
DA:152,0
DA:156,0
DA:164,0
DA:165,0
DA:169,0
DA:170,0
DA:171,0
DA:174,0
DA:175,0
DA:176,0
DA:178,0
DA:180,0
DA:181,0
DA:183,0
DA:185,0
DA:188,0
DA:193,0
DA:194,0
DA:195,0
DA:196,0
DA:197,0
DA:198,0
DA:200,0
DA:202,0
DA:203,0
DA:204,0
DA:206,0
DA:210,0
DA:212,0
DA:213,0
DA:217,0
DA:219,0
DA:220,0
DA:221,0
DA:224,0
DA:225,0
DA:226,0
DA:227,0
DA:236,0
DA:241,0
DA:242,0
DA:244,0
DA:245,0
DA:249,0
DA:251,0
DA:254,0
DA:257,0
DA:259,0
DA:268,0
DA:272,0
DA:273,0
DA:275,0
DA:276,0
DA:279,0
DA:287,0
DA:289,0
DA:291,0
DA:292,0
DA:293,0
DA:296,0
DA:334,0
DA:335,0
DA:336,0
DA:337,0
DA:340,0
DA:341,0
DA:342,0
DA:343,0
DA:346,0
DA:347,0
DA:350,0
DA:351,0
DA:352,0
DA:354,0
DA:355,0
DA:356,0
LF:142
LH:0
end_of_record
SF:lib\Screens\Intro_Carousel\page1.dart
DA:5,0
DA:7,0
DA:8,0
DA:9,0
DA:11,0
DA:12,0
DA:13,0
LF:7
LH:0
end_of_record
SF:lib\Screens\Intro_Carousel\page2.dart
DA:5,0
DA:7,0
DA:8,0
DA:10,0
DA:12,0
DA:13,0
DA:14,0
DA:17,0
DA:19,0
DA:21,0
DA:25,0
DA:26,0
DA:28,0
LF:13
LH:0
end_of_record
SF:lib\Screens\Intro_Carousel\page3.dart
DA:6,0
DA:8,0
DA:9,0
DA:10,0
DA:11,0
DA:12,0
DA:13,0
DA:15,0
DA:17,0
DA:18,0
DA:19,0
DA:21,0
DA:23,0
DA:26,0
DA:27,0
DA:30,0
DA:32,0
DA:33,0
DA:34,0
DA:36,0
DA:37,0
DA:39,0
DA:40,0
DA:41,0
DA:43,0
LF:25
LH:0
end_of_record
SF:lib\Screens\Intro_Carousel\page4.dart
DA:6,0
DA:8,0
DA:9,0
DA:10,0
DA:11,0
DA:12,0
DA:13,0
DA:15,0
DA:17,0
DA:18,0
DA:19,0
DA:20,0
DA:21,0
DA:24,0
DA:26,0
DA:29,0
DA:30,0
DA:31,0
DA:32,0
DA:34,0
DA:35,0
DA:36,0
DA:37,0
DA:39,0
DA:40,0
DA:41,0
DA:43,0
DA:44,0
DA:45,0
DA:47,0
DA:48,0
DA:49,0
LF:32
LH:0
end_of_record
SF:lib\Screens\Intro_Carousel\page5.dart
DA:7,0
DA:9,0
DA:10,0
DA:11,0
DA:12,0
DA:14,0
DA:15,0
DA:20,0
DA:21,0
DA:25,0
DA:31,0
DA:33,0
DA:35,0
DA:41,0
DA:42,0
DA:43,0
DA:52,0
DA:53,0
DA:59,0
DA:64,0
DA:65,0
DA:82,0
DA:85,0
DA:88,0
DA:92,0
DA:94,0
DA:95,0
DA:97,0
DA:99,0
DA:102,0
DA:103,0
DA:104,0
DA:106,0
DA:111,0
DA:113,0
DA:118,0
DA:119,0
DA:120,0
DA:122,0
DA:124,0
DA:125,0
DA:131,0
DA:136,0
DA:137,0
DA:149,0
DA:150,0
DA:151,0
DA:153,0
DA:155,0
DA:156,0
DA:162,0
DA:167,0
DA:168,0
LF:53
LH:0
end_of_record
SF:lib\Screens\Intro_Carousel\page6.dart
DA:6,0
DA:8,0
DA:9,0
DA:10,0
DA:11,0
DA:12,0
DA:13,0
DA:15,0
DA:16,0
DA:17,0
DA:18,0
DA:20,0
DA:22,0
DA:23,0
DA:24,0
DA:25,0
DA:27,0
DA:28,0
DA:29,0
DA:31,0
DA:32,0
DA:33,0
DA:35,0
DA:36,0
DA:37,0
DA:39,0
DA:40,0
DA:41,0
DA:43,0
LF:29
LH:0
end_of_record
SF:lib\Screens\Intro_Carousel\page7.dart
DA:6,0
DA:8,0
DA:9,0
DA:10,0
DA:11,0
DA:12,0
DA:13,0
DA:15,0
DA:16,0
DA:17,0
DA:18,0
DA:20,0
DA:22,0
DA:23,0
DA:24,0
DA:25,0
DA:27,0
DA:28,0
DA:29,0
DA:31,0
DA:32,0
DA:33,0
DA:35,0
DA:36,0
DA:37,0
DA:39,0
DA:40,0
DA:41,0
DA:43,0
LF:29
LH:0
end_of_record
SF:lib\Widgets\Intro_Carousel\text_style.dart
DA:4,0
DA:9,0
DA:11,0
LF:3
LH:0
end_of_record
SF:lib\Screens\Log_In_Screens\forget_password.dart
DA:9,0
DA:10,0
DA:21,0
DA:23,0
DA:24,0
DA:25,0
DA:28,0
DA:30,0
DA:31,0
DA:38,0
DA:40,0
DA:42,0
DA:43,0
DA:45,0
DA:48,0
DA:50,0
DA:51,0
DA:52,0
DA:53,0
DA:54,0
DA:60,0
DA:61,0
DA:62,0
DA:63,0
DA:64,0
DA:67,0
DA:68,0
DA:70,0
DA:72,0
DA:74,0
DA:75,0
DA:84,0
DA:85,0
DA:89,0
DA:91,0
DA:108,0
DA:109,0
DA:110,0
DA:112,0
DA:113,0
DA:114,0
DA:120,0
DA:121,0
DA:124,0
DA:125,0
DA:126,0
DA:129,0
DA:130,0
DA:132,0
DA:133,0
DA:145,0
DA:148,0
LF:52
LH:0
end_of_record
SF:lib\Screens\Log_In_Screens\log_in.dart
DA:16,0
DA:17,0
DA:26,0
DA:28,0
DA:29,0
DA:30,0
DA:31,0
DA:34,0
DA:36,0
DA:37,0
DA:38,0
DA:41,0
DA:42,0
DA:43,0
DA:44,0
DA:45,0
DA:46,0
DA:48,0
DA:50,0
DA:51,0
DA:54,0
DA:55,0
DA:56,0
DA:59,0
DA:60,0
DA:62,0
DA:63,0
DA:70,0
DA:72,0
DA:74,0
DA:75,0
DA:78,0
DA:79,0
DA:80,0
DA:82,0
DA:83,0
DA:84,0
DA:87,0
DA:88,0
DA:103,0
DA:105,0
DA:107,0
DA:108,0
DA:109,0
DA:110,0
DA:116,0
DA:124,0
DA:125,0
DA:126,0
DA:127,0
DA:129,0
DA:132,0
DA:136,0
DA:138,0
DA:139,0
DA:145,0
DA:146,0
DA:147,0
DA:148,0
DA:149,0
DA:152,0
DA:153,0
DA:155,0
DA:157,0
DA:159,0
DA:160,0
DA:161,0
DA:170,0
DA:171,0
DA:172,0
DA:174,0
DA:176,0
DA:177,0
DA:178,0
DA:179,0
DA:181,0
DA:183,0
DA:184,0
DA:187,0
DA:189,0
DA:190,0
DA:191,0
DA:192,0
DA:193,0
DA:194,0
LF:85
LH:0
end_of_record
SF:lib\Screens\Notes\post_notes.dart
DA:15,4
DA:26,0
DA:29,0
DA:34,0
DA:35,0
DA:61,0
DA:63,0
DA:65,0
DA:66,0
DA:67,0
DA:68,0
DA:69,0
DA:70,0
DA:72,0
DA:73,0
DA:74,0
DA:75,0
DA:76,0
DA:77,0
DA:78,0
DA:79,0
DA:80,0
DA:81,0
DA:82,0
DA:83,0
DA:86,0
DA:87,0
DA:88,0
DA:90,0
DA:93,0
DA:95,0
DA:98,0
DA:101,0
DA:102,0
DA:104,0
DA:118,0
DA:119,0
DA:122,0
DA:123,0
DA:124,0
DA:125,0
DA:126,0
DA:127,0
DA:128,0
DA:129,0
DA:132,0
DA:133,0
DA:134,0
DA:138,0
DA:140,0
DA:142,0
DA:143,0
DA:144,0
DA:147,0
DA:149,0
DA:150,0
DA:151,0
DA:154,0
DA:155,0
DA:156,0
DA:158,0
DA:161,0
DA:162,0
DA:164,0
DA:165,0
DA:167,0
DA:169,0
DA:172,0
DA:174,0
DA:176,0
DA:179,0
DA:181,0
DA:183,0
DA:191,0
DA:193,0
DA:195,0
DA:196,0
DA:199,0
DA:200,0
DA:201,0
DA:202,0
DA:203,0
DA:204,0
DA:208,0
DA:209,0
DA:210,0
DA:213,0
DA:214,0
DA:215,0
DA:216,0
DA:217,0
DA:218,0
DA:220,0
DA:221,0
DA:222,0
DA:223,0
DA:224,0
DA:225,0
DA:226,0
DA:231,0
DA:233,0
DA:234,0
DA:235,0
DA:236,0
DA:237,0
DA:238,0
DA:239,0
DA:240,0
DA:241,0
DA:242,0
DA:243,0
DA:244,0
DA:247,0
DA:250,0
DA:251,0
DA:252,0
DA:253,0
DA:258,0
DA:260,0
DA:261,0
DA:262,0
DA:263,0
DA:264,0
DA:288,0
DA:289,0
DA:290,0
DA:291,0
DA:292,0
DA:294,0
DA:295,0
DA:305,0
DA:306,0
DA:307,0
DA:308,0
DA:309,0
DA:310,0
DA:311,0
DA:312,0
DA:313,0
DA:323,0
DA:324,0
DA:325,0
DA:326,0
DA:327,0
DA:328,0
DA:329,0
DA:330,0
DA:332,0
DA:333,0
DA:334,0
DA:335,0
DA:336,0
DA:338,0
DA:340,0
DA:341,0
DA:343,0
DA:344,0
DA:346,0
DA:347,0
DA:348,0
DA:349,0
DA:350,0
DA:352,0
DA:353,0
DA:354,0
DA:355,0
DA:356,0
DA:358,0
DA:359,0
DA:360,0
DA:366,0
DA:367,0
DA:369,0
DA:371,0
DA:372,0
DA:373,0
DA:374,0
DA:375,0
DA:376,0
DA:377,0
DA:378,0
DA:379,0
DA:380,0
DA:383,0
LF:184
LH:1
end_of_record
SF:lib\Widgets\Notes\Tiles\like_tile.dart
DA:10,0
DA:19,0
DA:42,0
DA:43,0
DA:49,0
DA:51,0
DA:52,0
DA:54,0
DA:57,0
DA:59,0
DA:61,0
DA:62,0
DA:63,0
DA:64,0
DA:65,0
DA:66,0
DA:71,0
DA:72,0
DA:74,0
DA:76,0
DA:77,0
DA:78,0
DA:84,0
DA:85,0
DA:94,0
DA:95,0
DA:97,0
DA:98,0
DA:99,0
DA:100,0
DA:111,0
DA:115,0
DA:117,0
DA:118,0
DA:119,0
DA:120,0
DA:122,0
DA:124,0
DA:128,0
DA:129,0
DA:130,0
DA:131,0
DA:133,0
DA:135,0
LF:44
LH:0
end_of_record
SF:lib\Widgets\Notes\Tiles\reblog_tile_with_comments.dart
DA:9,0
DA:16,0
DA:33,0
DA:35,0
DA:37,0
DA:38,0
DA:39,0
DA:40,0
DA:41,0
DA:42,0
DA:43,0
DA:44,0
DA:46,0
DA:47,0
DA:48,0
DA:49,0
DA:50,0
DA:51,0
DA:56,0
DA:57,0
DA:66,0
LF:21
LH:0
end_of_record
SF:lib\Widgets\Notes\Tiles\reblog_tile_without_comments.dart
DA:9,0
DA:15,0
DA:29,0
DA:31,0
DA:32,0
DA:33,0
DA:35,0
DA:36,0
DA:37,0
DA:38,0
DA:39,0
DA:40,0
DA:45,0
DA:46,0
DA:47,0
DA:48,0
DA:49,0
DA:50,0
DA:55,0
DA:56,0
LF:20
LH:0
end_of_record
SF:lib\Widgets\Notes\Tiles\reply_tile.dart
DA:8,0
DA:15,0
DA:32,0
DA:34,0
DA:36,0
DA:38,0
DA:39,0
DA:40,0
DA:41,0
DA:42,0
DA:44,0
DA:45,0
DA:46,0
DA:47,0
DA:52,0
DA:54,0
DA:56,0
DA:57,0
DA:58,0
DA:64,0
DA:65,0
LF:21
LH:0
end_of_record
SF:lib\Widgets\Notes\customized_tab.dart
DA:7,0
DA:14,0
DA:34,0
DA:36,0
DA:37,0
DA:38,0
DA:40,0
DA:41,0
DA:42,0
DA:43,0
DA:48,0
DA:49,0
DA:50,0
DA:52,0
LF:14
LH:0
end_of_record
SF:lib\Widgets\Notes\reply_text_field.dart
DA:8,0
DA:13,0
DA:24,0
DA:26,0
DA:27,0
DA:31,0
DA:32,0
DA:33,0
DA:44,0
DA:45,0
DA:46,0
DA:48,0
DA:49,0
DA:53,0
DA:55,0
DA:57,0
DA:60,0
DA:62,0
DA:64,0
LF:19
LH:0
end_of_record
SF:lib\Widgets\Notes\show_reblog_type_bottom_sheet.dart
DA:4,4
DA:13,0
DA:18,0
DA:21,0
DA:22,0
DA:25,0
DA:27,0
DA:29,0
DA:30,0
DA:31,0
DA:32,0
DA:33,0
DA:35,0
DA:37,0
DA:39,0
DA:40,0
DA:41,0
DA:43,0
DA:44,0
DA:63,0
DA:64,0
DA:65,0
DA:66,0
DA:68,0
DA:70,0
DA:72,0
DA:73,0
DA:74,0
DA:76,0
DA:77,0
LF:30
LH:1
end_of_record
SF:lib\Screens\On_Start_Screens\on_start_screen.dart
DA:12,0
DA:13,0
DA:24,0
DA:26,0
DA:27,0
DA:30,0
DA:31,0
DA:32,0
DA:33,0
DA:34,0
DA:35,0
DA:36,0
DA:38,0
DA:40,0
DA:41,0
DA:42,0
DA:43,0
DA:45,0
DA:61,0
DA:62,0
DA:63,0
DA:70,0
DA:80,0
DA:87,0
DA:94,0
DA:102,0
DA:103,0
DA:104,0
DA:105,0
DA:114,0
DA:116,0
DA:117,0
DA:118,0
DA:120,0
DA:121,0
DA:123,0
DA:128,0
DA:129,0
DA:131,0
DA:132,0
DA:134,0
DA:137,0
DA:138,0
DA:142,0
DA:146,0
DA:150,0
DA:154,0
DA:158,0
DA:160,0
DA:167,0
DA:168,0
DA:169,0
DA:170,0
DA:171,0
DA:172,0
DA:173,0
DA:175,0
DA:177,0
DA:178,0
DA:183,0
DA:184,0
DA:185,0
DA:186,0
DA:187,0
DA:188,0
DA:189,0
DA:193,0
DA:194,0
DA:196,0
DA:197,0
DA:200,0
DA:201,0
DA:202,0
DA:203,0
DA:204,0
DA:205,0
DA:206,0
DA:207,0
DA:210,0
DA:211,0
DA:212,0
DA:214,0
DA:215,0
DA:216,0
DA:218,0
DA:222,0
DA:232,0
DA:233,0
DA:234,0
DA:235,0
DA:236,0
DA:237,0
DA:240,0
DA:241,0
DA:242,0
DA:244,0
DA:245,0
DA:247,0
DA:251,0
DA:267,0
DA:271,0
DA:272,0
DA:274,0
DA:276,0
DA:277,0
DA:278,0
DA:281,0
DA:282,0
DA:283,0
DA:284,0
DA:288,0
DA:289,0
DA:290,0
DA:291,0
DA:292,0
DA:293,0
DA:294,0
DA:295,0
DA:298,0
DA:299,0
DA:300,0
DA:302,0
DA:303,0
DA:304,0
DA:306,0
DA:310,0
DA:315,0
DA:325,0
DA:326,0
DA:327,0
DA:328,0
DA:329,0
DA:330,0
DA:333,0
DA:334,0
DA:335,0
DA:337,0
DA:340,0
DA:356,0
DA:360,0
DA:361,0
DA:363,0
DA:364,0
DA:365,0
DA:366,0
DA:370,0
DA:372,0
DA:373,0
DA:374,0
DA:377,0
DA:378,0
DA:379,0
DA:380,0
DA:381,0
DA:382,0
DA:383,0
DA:384,0
DA:387,0
DA:388,0
DA:389,0
DA:391,0
DA:392,0
DA:393,0
DA:395,0
DA:399,0
DA:404,0
DA:414,0
DA:415,0
DA:416,0
DA:417,0
DA:418,0
DA:419,0
DA:422,0
DA:423,0
DA:424,0
DA:426,0
DA:429,0
DA:459,0
DA:460,0
DA:461,0
DA:462,0
DA:465,0
DA:466,0
DA:469,0
DA:470,0
DA:473,0
DA:474,0
DA:475,0
DA:477,0
LF:189
LH:0
end_of_record
SF:lib\Screens\Sign_Up_Screens\With_Email\get_age.dart
DA:10,0
DA:11,0
DA:18,0
DA:20,0
DA:21,0
DA:22,0
DA:25,0
DA:27,0
DA:28,0
DA:31,0
DA:33,0
DA:34,0
DA:35,0
DA:36,0
DA:38,0
DA:39,0
DA:40,0
DA:41,0
DA:42,0
DA:43,0
DA:44,0
DA:45,0
DA:46,0
DA:51,0
DA:52,0
DA:54,0
DA:56,0
DA:58,0
DA:59,0
DA:68,0
DA:69,0
DA:71,0
DA:73,0
DA:75,0
DA:76,0
DA:77,0
DA:79,0
DA:80,0
DA:84,0
DA:85,0
DA:86,0
DA:93,0
LF:42
LH:0
end_of_record
SF:lib\Widgets\OnStart\carousel_item_on_start.dart
DA:8,0
DA:22,0
DA:31,0
DA:33,0
DA:35,0
DA:36,0
DA:37,0
DA:38,0
DA:39,0
DA:40,0
DA:44,0
DA:45,0
DA:46,0
DA:47,0
DA:51,0
DA:52,0
DA:53,0
DA:54,0
DA:56,0
DA:58,0
DA:59,0
DA:60,0
DA:67,0
DA:69,0
DA:70,0
DA:71,0
DA:72,0
DA:74,0
DA:75,0
DA:80,0
DA:81,0
DA:96,0
DA:100,0
LF:33
LH:0
end_of_record
SF:lib\Screens\Profile\create_new_blog.dart
DA:12,4
DA:14,0
DA:15,0
DA:21,0
DA:22,0
DA:26,0
DA:27,0
DA:29,0
DA:31,0
DA:32,0
DA:33,0
DA:34,0
DA:36,0
DA:38,0
DA:40,0
DA:44,0
DA:46,0
DA:47,0
DA:50,0
DA:52,0
DA:53,0
DA:56,0
DA:58,0
DA:59,0
DA:60,0
DA:61,0
DA:71,0
DA:76,0
DA:77,0
DA:80,0
DA:81,0
DA:82,0
DA:83,0
DA:85,0
DA:86,0
DA:94,0
DA:95,0
DA:97,0
DA:99,0
DA:100,0
DA:106,0
DA:107,0
DA:109,0
DA:110,0
DA:111,0
DA:113,0
DA:115,0
DA:116,0
DA:118,0
DA:119,0
DA:125,0
DA:126,0
DA:127,0
LF:53
LH:1
end_of_record
SF:lib\Screens\Profile\profile_search.dart
DA:13,0
DA:18,0
DA:23,0
DA:34,0
DA:35,0
DA:56,0
DA:57,0
DA:58,0
DA:59,0
DA:60,0
DA:61,0
DA:62,0
DA:64,0
DA:65,0
DA:66,0
DA:67,0
DA:68,0
DA:72,0
DA:73,0
DA:75,0
DA:78,0
DA:79,0
DA:82,0
DA:83,0
DA:84,0
DA:86,0
DA:87,0
DA:88,0
DA:89,0
DA:90,0
DA:91,0
DA:96,0
DA:97,0
DA:100,0
DA:102,0
DA:103,0
DA:106,0
DA:108,0
DA:110,0
DA:111,0
DA:112,0
DA:113,0
DA:118,0
DA:119,0
DA:120,0
DA:121,0
DA:124,0
DA:126,0
DA:127,0
DA:128,0
DA:129,0
DA:131,0
DA:132,0
DA:133,0
DA:135,0
DA:136,0
DA:137,0
DA:138,0
DA:140,0
DA:141,0
DA:142,0
DA:146,0
DA:147,0
DA:148,0
DA:149,0
DA:150,0
DA:164,0
DA:165,0
DA:167,0
DA:168,0
DA:169,0
DA:170,0
DA:172,0
DA:173,0
DA:174,0
DA:176,0
DA:177,0
DA:184,0
DA:185,0
DA:197,0
DA:199,0
DA:200,0
DA:201,0
DA:202,0
DA:206,0
DA:207,0
LF:86
LH:0
end_of_record
SF:lib\Widgets\Search\check_ou_tag.dart
DA:15,0
DA:22,0
DA:35,0
DA:36,0
DA:46,0
DA:48,0
DA:49,0
DA:51,0
DA:54,0
DA:56,0
DA:57,0
DA:59,0
DA:60,0
DA:61,0
DA:63,0
DA:64,0
DA:65,0
DA:66,0
DA:71,0
DA:72,0
DA:73,0
DA:74,0
DA:75,0
DA:77,0
DA:78,0
DA:79,0
DA:80,0
DA:81,0
DA:82,0
DA:83,0
DA:84,0
DA:85,0
DA:86,0
DA:87,0
DA:93,0
DA:96,0
DA:97,0
DA:99,0
DA:106,0
DA:107,0
DA:110,0
DA:111,0
DA:119,0
DA:121,0
DA:122,0
DA:123,0
DA:125,0
DA:127,0
DA:131,0
DA:132,0
DA:133,0
DA:141,0
DA:142,0
DA:148,0
DA:152,0
DA:153,0
DA:154,0
DA:165,0
DA:167,0
DA:168,0
DA:174,0
DA:175,0
DA:176,0
DA:177,0
DA:178,0
DA:180,0
DA:181,0
DA:183,0
DA:185,0
DA:186,0
DA:188,0
DA:190,0
DA:191,0
DA:192,0
DA:195,0
DA:202,0
DA:204,0
DA:206,0
DA:211,0
DA:212,0
DA:213,0
DA:216,0
DA:223,0
DA:224,0
DA:225,0
DA:228,0
DA:233,0
DA:234,0
DA:235,0
DA:238,0
DA:242,0
DA:243,0
DA:245,0
DA:246,0
DA:248,0
DA:250,0
DA:252,0
DA:253,0
DA:269,0
DA:270,0
DA:271,0
DA:272,0
DA:273,0
DA:275,0
DA:277,0
DA:278,0
LF:106
LH:0
end_of_record
SF:lib\Widgets\Search\check_out_blogs.dart
DA:13,0
DA:17,0
DA:25,0
DA:26,0
DA:32,0
DA:34,0
DA:37,0
DA:39,0
DA:40,0
DA:42,0
DA:44,0
DA:56,0
DA:57,0
DA:58,0
DA:60,0
DA:62,0
DA:63,0
DA:64,0
DA:65,0
DA:67,0
DA:68,0
DA:70,0
DA:75,0
LF:23
LH:0
end_of_record
SF:lib\Widgets\Search\search_header.dart
DA:14,0
DA:23,0
DA:37,0
DA:39,0
DA:42,0
DA:43,0
DA:45,0
DA:46,0
DA:48,0
DA:49,0
DA:50,0
DA:51,0
DA:52,0
DA:53,0
DA:54,0
DA:58,0
DA:60,0
DA:61,0
DA:67,0
DA:68,0
DA:69,0
DA:71,0
DA:72,0
DA:73,0
DA:78,0
DA:85,0
DA:86,0
DA:88,0
DA:91,0
DA:92,0
DA:94,0
DA:99,0
DA:101,0
DA:102,0
LF:34
LH:0
end_of_record
SF:lib\Widgets\Search\tags_you_follow.dart
DA:14,0
DA:19,0
DA:27,0
DA:29,0
DA:31,0
DA:33,0
DA:35,0
DA:37,0
DA:39,0
DA:48,0
DA:49,0
DA:50,0
DA:52,0
DA:53,0
DA:58,0
DA:60,0
DA:61,0
DA:72,0
DA:73,0
DA:74,0
DA:76,0
DA:78,0
DA:80,0
DA:81,0
DA:82,0
DA:83,0
DA:84,0
DA:85,0
DA:87,0
DA:88,0
DA:89,0
DA:91,0
DA:96,0
DA:97,0
DA:98,0
DA:99,0
DA:103,0
LF:37
LH:0
end_of_record
SF:lib\Widgets\Search\try_these_posts.dart
DA:12,0
DA:15,0
DA:20,0
DA:21,0
DA:25,0
DA:27,0
DA:29,0
DA:31,0
DA:43,0
DA:44,0
DA:45,0
DA:47,0
DA:49,0
DA:50,0
DA:54,0
DA:57,0
DA:58,0
DA:65,0
DA:66,0
DA:68,0
DA:69,0
DA:70,0
DA:71,0
DA:73,0
DA:74,0
DA:79,0
DA:81,0
DA:82,0
DA:83,0
DA:84,0
DA:85,0
DA:86,0
DA:90,0
DA:95,0
LF:34
LH:0
end_of_record
SF:lib\Screens\Settings\change_email.dart
DA:17,4
DA:19,0
DA:20,0
DA:27,0
DA:29,0
DA:30,0
DA:37,0
DA:39,0
DA:41,0
DA:42,0
DA:44,0
DA:46,0
DA:47,0
DA:48,0
DA:49,0
DA:51,0
DA:55,0
DA:59,0
DA:64,0
DA:65,0
DA:67,0
DA:68,0
DA:69,0
DA:70,0
DA:71,0
DA:72,0
DA:77,0
DA:79,0
DA:80,0
DA:82,0
DA:87,0
DA:89,0
DA:93,0
DA:94,0
DA:96,0
DA:97,0
DA:98,0
DA:104,0
DA:105,0
DA:112,0
DA:113,0
DA:114,0
DA:115,0
DA:119,0
DA:120,0
DA:121,0
DA:130,0
DA:131,0
DA:132,0
DA:134,0
DA:135,0
DA:136,0
DA:137,0
DA:139,0
DA:143,0
DA:144,0
DA:146,0
DA:147,0
DA:148,0
DA:154,0
DA:155,0
DA:162,0
DA:163,0
DA:164,0
DA:165,0
DA:169,0
DA:170,0
DA:171,0
DA:184,0
DA:186,0
DA:187,0
DA:188,0
DA:189,0
DA:191,0
DA:192,0
DA:193,0
DA:203,0
DA:204,0
DA:205,0
DA:206,0
DA:207,0
DA:213,0
DA:214,0
DA:216,0
DA:218,0
DA:220,0
DA:221,0
DA:230,0
DA:232,0
DA:237,0
DA:238,0
DA:239,0
DA:241,0
DA:243,0
DA:244,0
DA:247,0
DA:248,0
DA:249,0
DA:252,0
DA:253,0
DA:255,0
LF:101
LH:1
end_of_record
SF:lib\Screens\Settings\change_name.dart
DA:7,4
DA:9,0
DA:10,0
DA:19,0
DA:21,0
DA:22,0
DA:25,0
DA:31,0
DA:32,0
DA:33,0
DA:34,0
DA:35,0
DA:36,0
DA:41,0
DA:42,0
DA:43,0
DA:44,0
DA:45,0
DA:48,0
DA:49,0
DA:50,0
DA:51,0
DA:56,0
DA:58,0
DA:59,0
DA:60,0
DA:61,0
DA:63,0
DA:64,0
DA:65,0
DA:75,0
DA:76,0
DA:77,0
DA:78,0
DA:83,0
DA:84,0
DA:86,0
DA:88,0
DA:90,0
DA:91,0
DA:100,0
DA:102,0
DA:107,0
DA:109,0
DA:110,0
DA:111,0
DA:114,0
DA:115,0
DA:116,0
DA:121,0
DA:122,0
DA:124,0
DA:125,0
DA:126,0
DA:127,0
DA:128,0
DA:136,0
DA:137,0
DA:138,0
LF:59
LH:1
end_of_record
SF:lib\Screens\Settings\change_password.dart
DA:16,4
DA:18,0
DA:19,0
DA:27,0
DA:29,0
DA:30,0
DA:33,0
DA:35,0
DA:37,0
DA:38,0
DA:41,0
DA:42,0
DA:44,0
DA:45,0
DA:46,0
DA:47,0
DA:49,0
DA:53,0
DA:57,0
DA:62,0
DA:63,0
DA:65,0
DA:66,0
DA:67,0
DA:68,0
DA:69,0
DA:70,0
DA:75,0
DA:77,0
DA:78,0
DA:80,0
DA:85,0
DA:87,0
DA:91,0
DA:92,0
DA:94,0
DA:95,0
DA:97,0
DA:103,0
DA:104,0
DA:111,0
DA:112,0
DA:113,0
DA:114,0
DA:118,0
DA:119,0
DA:120,0
DA:129,0
DA:130,0
DA:131,0
DA:133,0
DA:134,0
DA:135,0
DA:137,0
DA:139,0
DA:141,0
DA:145,0
DA:146,0
DA:148,0
DA:149,0
DA:151,0
DA:157,0
DA:158,0
DA:165,0
DA:166,0
DA:167,0
DA:168,0
DA:172,0
DA:173,0
DA:174,0
DA:187,0
DA:189,0
DA:190,0
DA:191,0
DA:192,0
DA:194,0
DA:195,0
DA:196,0
DA:206,0
DA:207,0
DA:208,0
DA:209,0
DA:210,0
DA:218,0
DA:219,0
DA:221,0
DA:223,0
DA:225,0
DA:226,0
DA:235,0
DA:236,0
DA:238,0
DA:243,0
DA:245,0
DA:246,0
DA:247,0
DA:249,0
DA:250,0
DA:252,0
DA:254,0
DA:255,0
DA:256,0
DA:259,0
DA:260,0
DA:261,0
DA:262,0
DA:266,0
DA:267,0
LF:108
LH:1
end_of_record
SF:lib\Screens\Settings\followers.dart
DA:11,4
DA:13,0
DA:14,0
DA:24,0
DA:25,0
DA:26,0
DA:28,0
DA:30,0
DA:31,0
DA:32,0
DA:33,0
DA:34,0
DA:35,0
DA:36,0
DA:37,0
DA:39,0
DA:42,0
DA:44,0
DA:45,0
DA:46,0
DA:48,0
DA:52,0
DA:53,0
DA:57,0
DA:60,0
DA:61,0
DA:62,0
DA:64,0
DA:65,0
DA:68,0
DA:71,0
DA:73,0
DA:74,0
DA:77,0
DA:79,0
DA:80,0
DA:85,0
DA:86,0
DA:87,0
DA:88,0
DA:89,0
DA:96,0
DA:98,0
DA:99,0
DA:100,0
DA:101,0
DA:104,0
DA:113,0
DA:116,0
DA:121,0
DA:122,0
DA:128,0
DA:130,0
DA:131,0
DA:134,0
DA:136,0
DA:138,0
DA:139,0
DA:140,0
DA:141,0
DA:142,0
DA:143,0
DA:148,0
DA:149,0
DA:151,0
DA:152,0
DA:153,0
DA:155,0
DA:156,0
DA:157,0
DA:159,0
DA:161,0
DA:162,0
DA:166,0
DA:167,0
DA:168,0
DA:170,0
DA:172,0
DA:173,0
DA:178,0
LF:80
LH:1
end_of_record
SF:lib\Screens\Settings\show_draft.dart
DA:9,0
DA:14,4
DA:16,0
DA:17,0
DA:24,0
DA:25,0
DA:26,0
DA:28,0
DA:29,0
DA:30,0
DA:32,0
DA:34,0
DA:36,0
DA:39,0
DA:41,0
DA:44,0
DA:45,0
DA:46,0
DA:48,0
DA:51,0
DA:53,0
DA:54,0
DA:59,0
DA:60,0
DA:63,0
DA:64,0
DA:67,0
DA:69,0
DA:70,0
DA:71,0
DA:77,0
DA:78,0
DA:84,0
DA:85,0
DA:91,0
DA:92,0
DA:105,0
DA:107,0
DA:108,0
DA:109,0
DA:112,0
DA:113,0
DA:114,0
DA:115,0
DA:116,0
DA:123,0
DA:124,0
DA:125,0
DA:126,0
DA:127,0
DA:128,0
DA:132,0
DA:133,0
DA:134,0
DA:135,0
DA:140,0
DA:147,0
DA:152,0
DA:153,0
DA:154,0
LF:60
LH:1
end_of_record
SF:lib\Screens\Sign_Up_Screens\With_Email\Choose_Tag\add_your_own_tag.dart
DA:14,0
DA:15,0
DA:23,0
DA:24,0
DA:26,0
DA:27,0
DA:28,0
DA:29,0
DA:30,0
DA:33,0
DA:37,0
DA:39,0
DA:40,0
DA:41,0
DA:42,0
DA:43,0
DA:46,0
DA:48,0
DA:49,0
DA:52,0
DA:54,0
DA:55,0
DA:56,0
DA:58,0
DA:59,0
DA:60,0
DA:61,0
DA:62,0
DA:63,0
DA:64,0
DA:65,0
DA:66,0
DA:67,0
DA:85,0
DA:86,0
DA:88,0
DA:89,0
DA:91,0
DA:93,0
DA:96,0
DA:98,0
DA:100,0
DA:103,0
DA:106,0
DA:107,0
DA:108,0
DA:109,0
DA:110,0
DA:111,0
DA:114,0
DA:121,0
DA:122,0
DA:139,0
DA:142,0
DA:143,0
DA:144,0
DA:145,0
DA:146,0
DA:147,0
DA:148,0
DA:149,0
DA:150,0
DA:157,0
DA:158,0
LF:64
LH:0
end_of_record
SF:lib\Screens\Sign_Up_Screens\With_Email\Choose_Tag\tag_page.dart
DA:13,0
DA:14,0
DA:18,0
DA:19,0
DA:20,0
DA:21,0
DA:23,0
DA:25,0
DA:34,0
DA:35,0
DA:37,0
DA:38,0
DA:39,0
DA:58,0
DA:60,0
DA:61,0
DA:62,0
DA:63,0
DA:65,0
DA:66,0
DA:67,0
DA:70,0
DA:72,0
DA:74,0
DA:75,0
DA:77,0
DA:79,0
DA:82,0
DA:84,0
DA:87,0
DA:90,0
DA:94,0
DA:95,0
DA:100,0
DA:101,0
LF:35
LH:0
end_of_record
SF:lib\Screens\Sign_Up_Screens\With_Email\sign_up.dart
DA:19,0
DA:20,0
DA:30,0
DA:32,0
DA:33,0
DA:34,0
DA:35,0
DA:36,0
DA:39,0
DA:41,0
DA:42,0
DA:43,0
DA:44,0
DA:47,0
DA:48,0
DA:49,0
DA:50,0
DA:51,0
DA:52,0
DA:54,0
DA:56,0
DA:57,0
DA:61,0
DA:62,0
DA:63,0
DA:66,0
DA:67,0
DA:69,0
DA:70,0
DA:77,0
DA:79,0
DA:81,0
DA:82,0
DA:89,0
DA:90,0
DA:91,0
DA:93,0
DA:94,0
DA:95,0
DA:98,0
DA:99,0
DA:105,0
DA:107,0
DA:109,0
DA:110,0
DA:120,0
DA:121,0
DA:122,0
DA:125,0
DA:126,0
DA:128,0
DA:129,0
DA:146,0
DA:147,0
DA:148,0
DA:149,0
DA:150,0
DA:153,0
DA:154,0
DA:155,0
DA:156,0
DA:161,0
DA:171,0
DA:175,0
DA:176,0
DA:180,0
DA:181,0
DA:182,0
DA:184,0
DA:187,0
DA:188,0
DA:189,0
DA:191,0
DA:195,0
DA:199,0
DA:201,0
DA:202,0
DA:203,0
DA:204,0
DA:205,0
DA:206,0
DA:207,0
DA:210,0
DA:211,0
DA:213,0
DA:215,0
DA:217,0
DA:218,0
DA:219,0
DA:220,0
DA:229,0
DA:230,0
DA:231,0
DA:233,0
DA:235,0
DA:236,0
DA:237,0
DA:238,0
DA:240,0
DA:241,0
DA:242,0
DA:244,0
DA:246,0
DA:249,0
DA:252,0
DA:256,0
DA:259,0
DA:261,0
DA:262,0
DA:264,0
DA:266,0
DA:275,0
DA:276,0
DA:277,0
DA:278,0
DA:279,0
DA:280,0
LF:117
LH:0
end_of_record
SF:lib\Widgets\Tag_Select\tag_container.dart
DA:11,0
DA:12,0
DA:17,0
DA:18,0
DA:22,0
DA:23,0
DA:25,0
DA:26,0
DA:28,0
DA:29,0
DA:32,0
DA:33,0
DA:34,0
DA:40,0
DA:42,0
DA:43,0
DA:45,0
DA:46,0
DA:47,0
DA:49,0
DA:50,0
DA:51,0
DA:52,0
DA:53,0
DA:55,0
DA:58,0
DA:59,0
DA:62,0
DA:64,0
DA:66,0
DA:67,0
DA:74,0
DA:75,0
DA:76,0
DA:77,0
LF:35
LH:0
end_of_record
SF:lib\Screens\Sign_Up_Screens\With_Google\sign_up.dart
DA:15,0
DA:16,0
DA:23,0
DA:25,0
DA:26,0
DA:27,0
DA:30,0
DA:32,0
DA:33,0
DA:41,0
DA:42,0
DA:43,0
DA:48,0
DA:49,0
DA:50,0
DA:51,0
DA:56,0
DA:66,0
DA:69,0
DA:70,0
DA:71,0
DA:73,0
DA:76,0
DA:77,0
DA:78,0
DA:80,0
DA:84,0
DA:88,0
DA:90,0
DA:91,0
DA:92,0
DA:93,0
DA:96,0
DA:98,0
DA:99,0
DA:101,0
DA:103,0
DA:117,0
DA:118,0
DA:119,0
DA:120,0
DA:121,0
DA:125,0
DA:126,0
DA:127,0
DA:132,0
DA:134,0
DA:135,0
DA:136,0
DA:138,0
DA:139,0
DA:140,0
DA:143,0
DA:144,0
DA:145,0
DA:146,0
DA:147,0
DA:148,0
DA:149,0
LF:59
LH:0
end_of_record
SF:lib\Widgets\Home\draggable_floating_button.dart
DA:9,0
DA:16,0
DA:33,0
DA:34,0
DA:46,0
DA:48,0
DA:49,0
DA:51,0
DA:54,0
DA:56,0
DA:58,0
DA:61,0
DA:62,0
DA:64,0
DA:65,0
DA:66,0
DA:67,0
DA:68,0
DA:71,0
DA:76,0
DA:77,0
DA:78,0
DA:80,0
DA:81,0
DA:82,0
DA:83,0
DA:86,0
DA:87,0
DA:88,0
DA:89,0
DA:92,0
DA:93,0
DA:97,0
DA:98,0
DA:99,0
DA:101,0
DA:102,0
DA:103,0
DA:104,0
DA:107,0
DA:108,0
DA:109,0
DA:110,0
DA:113,0
DA:114,0
DA:118,0
DA:120,0
DA:121,0
DA:122,0
DA:125,0
DA:127,0
DA:131,0
DA:134,0
DA:136,0
DA:140,0
DA:143,0
DA:145,0
DA:149,0
DA:152,0
DA:154,0
DA:158,0
DA:159,0
DA:161,0
DA:162,0
DA:164,0
DA:167,0
DA:172,0
DA:175,0
DA:177,0
DA:181,0
DA:184,0
DA:186,0
DA:190,0
DA:193,0
DA:195,0
DA:198,0
DA:200,0
DA:201,0
DA:202,0
DA:203,0
DA:204,0
DA:205,0
DA:206,0
DA:207,0
DA:208,0
DA:211,0
DA:212,0
DA:213,0
DA:214,0
DA:215,0
DA:219,0
DA:220,0
DA:221,0
DA:223,0
DA:224,0
DA:232,0
DA:237,0
DA:239,0
DA:240,0
DA:242,0
DA:243,0
DA:244,0
DA:245,0
DA:247,0
LF:104
LH:0
end_of_record
SF:lib\Widgets\Activity_Notifications\ask_notificaiton.dart
DA:7,0
DA:12,0
DA:23,0
DA:25,0
DA:27,0
DA:28,0
DA:29,0
DA:30,0
DA:36,0
DA:37,0
DA:38,0
DA:39,0
DA:46,0
DA:48,0
DA:49,0
DA:57,0
DA:58,0
DA:59,0
DA:67,0
DA:68,0
DA:76,0
DA:77,0
LF:22
LH:0
end_of_record
SF:lib\Widgets\Activity_Notifications\avatar_with_icon.dart
DA:6,0
DA:10,0
DA:28,0
DA:30,0
DA:33,0
DA:37,0
DA:38,0
DA:39,0
DA:42,0
DA:45,0
LF:10
LH:0
end_of_record
SF:lib\Widgets\Activity_Notifications\follow_notification.dart
DA:8,0
DA:12,0
DA:20,0
DA:22,0
DA:24,0
DA:25,0
DA:26,0
DA:27,0
DA:33,0
DA:34,0
DA:36,0
DA:37,0
DA:45,0
DA:46,0
DA:47,0
DA:52,0
DA:54,0
LF:17
LH:0
end_of_record
SF:lib\Widgets\Activity_Notifications\like_notification.dart
DA:8,0
DA:13,0
DA:24,0
DA:26,0
DA:27,0
DA:28,0
DA:29,0
DA:30,0
DA:31,0
DA:36,0
DA:38,0
DA:39,0
DA:40,0
DA:41,0
DA:47,0
DA:48,0
DA:50,0
DA:51,0
DA:59,0
DA:60,0
DA:61,0
LF:21
LH:0
end_of_record
SF:lib\Widgets\Activity_Notifications\mention_notification.dart
DA:9,0
DA:13,0
DA:21,0
DA:23,0
DA:25,0
DA:26,0
DA:27,0
DA:28,0
DA:34,0
DA:35,0
DA:36,0
DA:37,0
DA:44,0
DA:46,0
DA:47,0
DA:55,0
DA:56,0
DA:57,0
DA:62,0
DA:64,0
LF:20
LH:0
end_of_record
SF:lib\Widgets\Activity_Notifications\reblog_notificaiton.dart
DA:8,0
DA:13,0
DA:24,0
DA:26,0
DA:27,0
DA:28,0
DA:29,0
DA:30,0
DA:31,0
DA:36,0
DA:38,0
DA:39,0
DA:40,0
DA:41,0
DA:47,0
DA:48,0
DA:50,0
DA:51,0
DA:59,0
DA:60,0
DA:61,0
LF:21
LH:0
end_of_record
SF:lib\Widgets\Activity_Notifications\reply_notification.dart
DA:9,0
DA:15,0
DA:29,0
DA:31,0
DA:33,0
DA:34,0
DA:35,0
DA:36,0
DA:42,0
DA:43,0
DA:44,0
DA:45,0
DA:52,0
DA:54,0
DA:55,0
DA:63,0
DA:64,0
DA:65,0
DA:73,0
DA:74,0
DA:82,0
DA:83,0
DA:84,0
DA:85,0
DA:86,0
DA:87,0
LF:26
LH:0
end_of_record
SF:lib\Widgets\Post\post_interaction_bar.dart
DA:25,0
DA:32,0
DA:58,0
DA:59,0
DA:72,0
DA:73,0
DA:75,0
DA:86,0
DA:87,0
DA:88,0
DA:89,0
DA:90,0
DA:91,0
DA:92,0
DA:93,0
DA:94,0
DA:95,0
DA:96,0
DA:97,0
DA:98,0
DA:99,0
DA:100,0
DA:101,0
DA:102,0
DA:103,0
DA:104,0
DA:105,0
DA:106,0
DA:107,0
DA:108,0
DA:109,0
DA:110,0
DA:111,0
DA:112,0
DA:118,0
DA:119,0
DA:121,0
DA:132,0
DA:133,0
DA:134,0
DA:135,0
DA:136,0
DA:137,0
DA:138,0
DA:139,0
DA:140,0
DA:141,0
DA:142,0
DA:143,0
DA:144,0
DA:145,0
DA:146,0
DA:147,0
DA:148,0
DA:149,0
DA:150,0
DA:151,0
DA:152,0
DA:153,0
DA:154,0
DA:155,0
DA:156,0
DA:157,0
DA:158,0
DA:163,0
DA:165,0
DA:167,0
DA:168,0
DA:179,0
DA:180,0
DA:181,0
DA:182,0
DA:183,0
DA:184,0
DA:185,0
DA:186,0
DA:187,0
DA:188,0
DA:189,0
DA:190,0
DA:191,0
DA:192,0
DA:193,0
DA:194,0
DA:195,0
DA:196,0
DA:197,0
DA:198,0
DA:199,0
DA:200,0
DA:201,0
DA:202,0
DA:203,0
DA:204,0
DA:205,0
DA:206,0
DA:207,0
DA:208,0
DA:209,0
DA:210,0
DA:211,0
DA:212,0
DA:213,0
DA:214,0
DA:215,0
DA:216,0
DA:217,0
DA:218,0
DA:219,0
DA:220,0
DA:221,0
DA:222,0
DA:223,0
DA:225,0
DA:228,0
DA:230,0
DA:231,0
DA:232,0
DA:234,0
DA:236,0
DA:239,0
DA:241,0
DA:243,0
DA:244,0
DA:245,0
DA:246,0
DA:248,0
DA:249,0
DA:252,0
DA:253,0
DA:254,0
DA:255,0
DA:256,0
DA:261,0
DA:267,0
DA:268,0
DA:269,0
DA:270,0
DA:271,0
DA:272,0
DA:273,0
DA:274,0
DA:279,0
DA:280,0
DA:289,0
DA:290,0
DA:291,0
DA:292,0
DA:293,0
DA:294,0
DA:295,0
DA:296,0
DA:306,0
DA:307,0
DA:309,0
DA:310,0
DA:311,0
DA:312,0
DA:313,0
DA:323,0
DA:324,0
DA:325,0
DA:326,0
DA:327,0
DA:328,0
DA:329,0
DA:330,0
DA:331,0
DA:334,0
DA:335,0
DA:336,0
DA:339,0
DA:341,0
DA:343,0
DA:349,0
DA:350,0
DA:351,0
DA:353,0
DA:355,0
DA:356,0
DA:358,0
DA:366,0
DA:367,0
DA:369,0
DA:370,0
DA:372,0
DA:373,0
DA:374,0
DA:377,0
DA:378,0
DA:379,0
DA:381,0
DA:393,0
DA:394,0
DA:395,0
DA:396,0
DA:397,0
DA:398,0
DA:399,0
LF:199
LH:0
end_of_record
SF:lib\Widgets\Post\post_top_bar.dart
DA:11,0
DA:22,0
DA:51,0
DA:52,0
DA:58,0
DA:59,0
DA:62,0
DA:63,0
DA:64,0
DA:66,0
DA:67,0
DA:68,0
DA:71,0
DA:72,0
DA:73,0
DA:74,0
DA:75,0
DA:76,0
DA:77,0
DA:78,0
DA:79,0
DA:81,0
DA:83,0
DA:84,0
DA:85,0
DA:86,0
DA:87,0
DA:89,0
DA:92,0
DA:93,0
DA:100,0
DA:101,0
DA:102,0
DA:109,0
DA:110,0
DA:111,0
DA:120,0
DA:122,0
DA:123,0
DA:124,0
DA:125,0
DA:132,0
DA:133,0
DA:134,0
DA:141,0
DA:142,0
DA:143,0
DA:150,0
DA:151,0
DA:152,0
DA:167,0
DA:169,0
DA:172,0
DA:173,0
DA:174,0
DA:175,0
DA:176,0
DA:177,0
DA:179,0
DA:180,0
DA:187,0
DA:188,0
DA:189,0
DA:191,0
DA:193,0
DA:194,0
DA:195,0
DA:207,0
DA:208,0
DA:209,0
DA:211,0
DA:212,0
LF:72
LH:0
end_of_record
SF:lib\Widgets\Search\check_out_blog.dart
DA:13,0
DA:19,0
DA:28,0
DA:29,0
DA:39,0
DA:41,0
DA:42,0
DA:44,0
DA:47,0
DA:49,0
DA:50,0
DA:51,0
DA:53,0
DA:54,0
DA:55,0
DA:56,0
DA:61,0
DA:62,0
DA:63,0
DA:66,0
DA:67,0
DA:68,0
DA:71,0
DA:72,0
DA:74,0
DA:75,0
DA:76,0
DA:81,0
DA:82,0
DA:83,0
DA:88,0
DA:92,0
DA:93,0
DA:94,0
DA:96,0
DA:97,0
DA:106,0
DA:107,0
DA:109,0
DA:110,0
DA:112,0
DA:113,0
DA:121,0
DA:122,0
DA:123,0
DA:129,0
DA:130,0
DA:131,0
DA:132,0
DA:133,0
DA:135,0
DA:136,0
DA:138,0
DA:140,0
DA:141,0
DA:143,0
DA:145,0
DA:146,0
DA:147,0
DA:150,0
DA:157,0
DA:158,0
DA:159,0
DA:162,0
DA:167,0
DA:168,0
DA:169,0
DA:172,0
DA:179,0
DA:180,0
DA:181,0
DA:184,0
DA:189,0
DA:190,0
DA:191,0
DA:194,0
DA:198,0
DA:199,0
DA:201,0
DA:202,0
DA:204,0
DA:206,0
DA:208,0
DA:209,0
LF:84
LH:0
end_of_record
SF:lib\Widgets\Search\tag_card.dart
DA:6,0
DA:12,0
DA:21,0
DA:23,0
DA:25,0
DA:27,0
DA:28,0
DA:29,0
DA:30,0
DA:31,0
DA:33,0
DA:34,0
DA:37,0
DA:38,0
DA:39,0
DA:41,0
DA:42,0
DA:43,0
LF:18
LH:0
end_of_record
SF:lib\Widgets\Search\trending_comp.dart
DA:15,0
DA:21,0
DA:48,0
DA:49,0
DA:57,0
DA:59,0
DA:60,0
DA:62,0
DA:65,0
DA:67,0
DA:68,0
DA:70,0
DA:72,0
DA:73,0
DA:75,0
DA:76,0
DA:78,0
DA:80,0
DA:81,0
DA:83,0
DA:86,0
DA:87,0
DA:92,0
DA:93,0
DA:94,0
DA:95,0
DA:96,0
DA:107,0
DA:108,0
DA:112,0
DA:113,0
DA:114,0
DA:116,0
DA:117,0
DA:118,0
DA:119,0
DA:120,0
DA:125,0
DA:128,0
DA:129,0
DA:130,0
DA:139,0
DA:140,0
DA:141,0
DA:142,0
DA:154,0
DA:156,0
DA:157,0
DA:158,0
DA:159,0
DA:160,0
DA:162,0
DA:163,0
DA:165,0
DA:167,0
DA:168,0
DA:170,0
DA:172,0
DA:173,0
DA:174,0
DA:177,0
DA:184,0
DA:186,0
DA:188,0
DA:193,0
DA:194,0
DA:195,0
DA:198,0
DA:205,0
DA:206,0
DA:207,0
DA:210,0
DA:212,0
DA:214,0
DA:215,0
DA:217,0
DA:219,0
DA:227,0
DA:229,0
DA:231,0
DA:232,0
DA:233,0
DA:234,0
DA:235,0
DA:237,0
DA:241,0
DA:242,0
DA:243,0
DA:245,0
DA:246,0
DA:247,0
DA:248,0
DA:249,0
DA:254,0
DA:255,0
DA:256,0
DA:258,0
DA:259,0
DA:262,0
DA:263,0
DA:264,0
DA:265,0
DA:266,0
DA:271,0
DA:272,0
DA:275,0
DA:284,0
LF:107
LH:0
end_of_record
